In file included from /usr/include/stdlib.h:32,
                 from ./run.c:2:
/usr/lib/gcc/x86_64-pc-linux-gnu/14.2.1/include/stddef.h: In function ‘create_edge_by_index’:
/usr/lib/gcc/x86_64-pc-linux-gnu/14.2.1/include/stddef.h:214:23: error: storage class specified for parameter ‘size_t’
  214 | typedef __SIZE_TYPE__ size_t;
      |                       ^~~~~~
/usr/lib/gcc/x86_64-pc-linux-gnu/14.2.1/include/stddef.h:329:24: error: storage class specified for parameter ‘wchar_t’
  329 | typedef __WCHAR_TYPE__ wchar_t;
      |                        ^~~~~~~
/usr/include/stdlib.h:63:5: error: storage class specified for parameter ‘div_t’
   63 |   } div_t;
      |     ^~~~~
/usr/include/stdlib.h:71:5: error: storage class specified for parameter ‘ldiv_t’
   71 |   } ldiv_t;
      |     ^~~~~~
/usr/include/stdlib.h:77:1: error: expected declaration specifiers before ‘__extension__’
   77 | __extension__ typedef struct
      | ^~~~~~~~~~~~~
/usr/include/stdlib.h:81:5: error: expected declaration specifiers before ‘lldiv_t’
   81 |   } lldiv_t;
      |     ^~~~~~~
/usr/include/stdlib.h:98:15: error: expected ‘=’, ‘,’, ‘;’, ‘asm’ or ‘__attribute__’ before ‘__ctype_get_mb_cur_max’
   98 | extern size_t __ctype_get_mb_cur_max (void) __THROW __wur;
      |               ^~~~~~~~~~~~~~~~~~~~~~
/usr/include/stdlib.h:102:15: error: storage class specified for parameter ‘atof’
  102 | extern double atof (const char *__nptr)
      |               ^~~~
/usr/include/stdlib.h:105:12: error: storage class specified for parameter ‘atoi’
  105 | extern int atoi (const char *__nptr)
      |            ^~~~
/usr/include/stdlib.h:108:17: error: storage class specified for parameter ‘atol’
  108 | extern long int atol (const char *__nptr)
      |                 ^~~~
/usr/include/stdlib.h:113:1: error: expected declaration specifiers before ‘__extension__’
  113 | __extension__ extern long long int atoll (const char *__nptr)
      | ^~~~~~~~~~~~~
/usr/include/stdlib.h:118:15: error: storage class specified for parameter ‘strtod’
  118 | extern double strtod (const char *__restrict __nptr,
      |               ^~~~~~
/usr/include/stdlib.h:124:14: error: storage class specified for parameter ‘strtof’
  124 | extern float strtof (const char *__restrict __nptr,
      |              ^~~~~~
/usr/include/stdlib.h:127:20: error: storage class specified for parameter ‘strtold’
  127 | extern long double strtold (const char *__restrict __nptr,
      |                    ^~~~~~~
/usr/include/stdlib.h:177:17: error: storage class specified for parameter ‘strtol’
  177 | extern long int strtol (const char *__restrict __nptr,
      |                 ^~~~~~
/usr/include/stdlib.h:181:26: error: storage class specified for parameter ‘strtoul’
  181 | extern unsigned long int strtoul (const char *__restrict __nptr,
      |                          ^~~~~~~
/usr/include/stdlib.h:187:1: error: expected declaration specifiers before ‘__extension__’
  187 | __extension__
      | ^~~~~~~~~~~~~
/usr/include/stdlib.h:192:1: error: expected declaration specifiers before ‘__extension__’
  192 | __extension__
      | ^~~~~~~~~~~~~
/usr/include/stdlib.h:200:1: error: expected declaration specifiers before ‘__extension__’
  200 | __extension__
      | ^~~~~~~~~~~~~
/usr/include/stdlib.h:205:1: error: expected declaration specifiers before ‘__extension__’
  205 | __extension__
      | ^~~~~~~~~~~~~
/usr/include/stdlib.h:505:14: error: storage class specified for parameter ‘l64a’
  505 | extern char *l64a (long int __n) __THROW __wur;
      |              ^~~~
/usr/include/stdlib.h:508:17: error: storage class specified for parameter ‘a64l’
  508 | extern long int a64l (const char *__s)
      |                 ^~~~
In file included from /usr/include/sys/types.h:29,
                 from /usr/include/stdlib.h:514:
/usr/include/bits/types.h:31:23: error: storage class specified for parameter ‘__u_char’
   31 | typedef unsigned char __u_char;
      |                       ^~~~~~~~
/usr/include/bits/types.h:32:28: error: storage class specified for parameter ‘__u_short’
   32 | typedef unsigned short int __u_short;
      |                            ^~~~~~~~~
/usr/include/bits/types.h:33:22: error: storage class specified for parameter ‘__u_int’
   33 | typedef unsigned int __u_int;
      |                      ^~~~~~~
/usr/include/bits/types.h:34:27: error: storage class specified for parameter ‘__u_long’
   34 | typedef unsigned long int __u_long;
      |                           ^~~~~~~~
/usr/include/bits/types.h:37:21: error: storage class specified for parameter ‘__int8_t’
   37 | typedef signed char __int8_t;
      |                     ^~~~~~~~
/usr/include/bits/types.h:38:23: error: storage class specified for parameter ‘__uint8_t’
   38 | typedef unsigned char __uint8_t;
      |                       ^~~~~~~~~
/usr/include/bits/types.h:39:26: error: storage class specified for parameter ‘__int16_t’
   39 | typedef signed short int __int16_t;
      |                          ^~~~~~~~~
/usr/include/bits/types.h:40:28: error: storage class specified for parameter ‘__uint16_t’
   40 | typedef unsigned short int __uint16_t;
      |                            ^~~~~~~~~~
/usr/include/bits/types.h:41:20: error: storage class specified for parameter ‘__int32_t’
   41 | typedef signed int __int32_t;
      |                    ^~~~~~~~~
/usr/include/bits/types.h:42:22: error: storage class specified for parameter ‘__uint32_t’
   42 | typedef unsigned int __uint32_t;
      |                      ^~~~~~~~~~
/usr/include/bits/types.h:44:25: error: storage class specified for parameter ‘__int64_t’
   44 | typedef signed long int __int64_t;
      |                         ^~~~~~~~~
/usr/include/bits/types.h:45:27: error: storage class specified for parameter ‘__uint64_t’
   45 | typedef unsigned long int __uint64_t;
      |                           ^~~~~~~~~~
/usr/include/bits/types.h:52:18: error: expected ‘=’, ‘,’, ‘;’, ‘asm’ or ‘__attribute__’ before ‘__int_least8_t’
   52 | typedef __int8_t __int_least8_t;
      |                  ^~~~~~~~~~~~~~
/usr/include/bits/types.h:53:19: error: expected ‘=’, ‘,’, ‘;’, ‘asm’ or ‘__attribute__’ before ‘__uint_least8_t’
   53 | typedef __uint8_t __uint_least8_t;
      |                   ^~~~~~~~~~~~~~~
/usr/include/bits/types.h:54:19: error: expected ‘=’, ‘,’, ‘;’, ‘asm’ or ‘__attribute__’ before ‘__int_least16_t’
   54 | typedef __int16_t __int_least16_t;
      |                   ^~~~~~~~~~~~~~~
/usr/include/bits/types.h:55:20: error: expected ‘=’, ‘,’, ‘;’, ‘asm’ or ‘__attribute__’ before ‘__uint_least16_t’
   55 | typedef __uint16_t __uint_least16_t;
      |                    ^~~~~~~~~~~~~~~~
/usr/include/bits/types.h:56:19: error: expected ‘=’, ‘,’, ‘;’, ‘asm’ or ‘__attribute__’ before ‘__int_least32_t’
   56 | typedef __int32_t __int_least32_t;
      |                   ^~~~~~~~~~~~~~~
/usr/include/bits/types.h:57:20: error: expected ‘=’, ‘,’, ‘;’, ‘asm’ or ‘__attribute__’ before ‘__uint_least32_t’
   57 | typedef __uint32_t __uint_least32_t;
      |                    ^~~~~~~~~~~~~~~~
/usr/include/bits/types.h:58:19: error: expected ‘=’, ‘,’, ‘;’, ‘asm’ or ‘__attribute__’ before ‘__int_least64_t’
   58 | typedef __int64_t __int_least64_t;
      |                   ^~~~~~~~~~~~~~~
/usr/include/bits/types.h:59:20: error: expected ‘=’, ‘,’, ‘;’, ‘asm’ or ‘__attribute__’ before ‘__uint_least64_t’
   59 | typedef __uint64_t __uint_least64_t;
      |                    ^~~~~~~~~~~~~~~~
/usr/include/bits/types.h:63:18: error: storage class specified for parameter ‘__quad_t’
   63 | typedef long int __quad_t;
      |                  ^~~~~~~~
/usr/include/bits/types.h:64:27: error: storage class specified for parameter ‘__u_quad_t’
   64 | typedef unsigned long int __u_quad_t;
      |                           ^~~~~~~~~~
/usr/include/bits/types.h:72:18: error: storage class specified for parameter ‘__intmax_t’
   72 | typedef long int __intmax_t;
      |                  ^~~~~~~~~~
/usr/include/bits/types.h:73:27: error: storage class specified for parameter ‘__uintmax_t’
   73 | typedef unsigned long int __uintmax_t;
      |                           ^~~~~~~~~~~
/usr/include/bits/types.h:145:25: error: storage class specified for parameter ‘__dev_t’
  145 | __STD_TYPE __DEV_T_TYPE __dev_t;        /* Type of device numbers.  */
      |                         ^~~~~~~
/usr/include/bits/types.h:146:25: error: storage class specified for parameter ‘__uid_t’
  146 | __STD_TYPE __UID_T_TYPE __uid_t;        /* Type of user identifications.  */
      |                         ^~~~~~~
/usr/include/bits/types.h:147:25: error: storage class specified for parameter ‘__gid_t’
  147 | __STD_TYPE __GID_T_TYPE __gid_t;        /* Type of group identifications.  */
      |                         ^~~~~~~
/usr/include/bits/types.h:148:25: error: storage class specified for parameter ‘__ino_t’
  148 | __STD_TYPE __INO_T_TYPE __ino_t;        /* Type of file serial numbers.  */
      |                         ^~~~~~~
/usr/include/bits/types.h:149:27: error: storage class specified for parameter ‘__ino64_t’
  149 | __STD_TYPE __INO64_T_TYPE __ino64_t;    /* Type of file serial numbers (LFS).*/
      |                           ^~~~~~~~~
/usr/include/bits/types.h:150:26: error: storage class specified for parameter ‘__mode_t’
  150 | __STD_TYPE __MODE_T_TYPE __mode_t;      /* Type of file attribute bitmasks.  */
      |                          ^~~~~~~~
/usr/include/bits/types.h:151:27: error: storage class specified for parameter ‘__nlink_t’
  151 | __STD_TYPE __NLINK_T_TYPE __nlink_t;    /* Type of file link counts.  */
      |                           ^~~~~~~~~
/usr/include/bits/types.h:152:25: error: storage class specified for parameter ‘__off_t’
  152 | __STD_TYPE __OFF_T_TYPE __off_t;        /* Type of file sizes and offsets.  */
      |                         ^~~~~~~
/usr/include/bits/types.h:153:27: error: storage class specified for parameter ‘__off64_t’
  153 | __STD_TYPE __OFF64_T_TYPE __off64_t;    /* Type of file sizes and offsets (LFS).  */
      |                           ^~~~~~~~~
/usr/include/bits/types.h:154:25: error: storage class specified for parameter ‘__pid_t’
  154 | __STD_TYPE __PID_T_TYPE __pid_t;        /* Type of process identifications.  */
      |                         ^~~~~~~
/usr/include/bits/types.h:155:26: error: storage class specified for parameter ‘__fsid_t’
  155 | __STD_TYPE __FSID_T_TYPE __fsid_t;      /* Type of file system IDs.  */
      |                          ^~~~~~~~
/usr/include/bits/types.h:156:27: error: storage class specified for parameter ‘__clock_t’
  156 | __STD_TYPE __CLOCK_T_TYPE __clock_t;    /* Type of CPU usage counts.  */
      |                           ^~~~~~~~~
/usr/include/bits/types.h:157:26: error: storage class specified for parameter ‘__rlim_t’
  157 | __STD_TYPE __RLIM_T_TYPE __rlim_t;      /* Type for resource measurement.  */
      |                          ^~~~~~~~
/usr/include/bits/types.h:158:28: error: storage class specified for parameter ‘__rlim64_t’
  158 | __STD_TYPE __RLIM64_T_TYPE __rlim64_t;  /* Type for resource measurement (LFS).  */
      |                            ^~~~~~~~~~
/usr/include/bits/types.h:159:24: error: storage class specified for parameter ‘__id_t’
  159 | __STD_TYPE __ID_T_TYPE __id_t;          /* General type for IDs.  */
      |                        ^~~~~~
/usr/include/bits/types.h:160:26: error: storage class specified for parameter ‘__time_t’
  160 | __STD_TYPE __TIME_T_TYPE __time_t;      /* Seconds since the Epoch.  */
      |                          ^~~~~~~~
/usr/include/bits/types.h:161:30: error: storage class specified for parameter ‘__useconds_t’
  161 | __STD_TYPE __USECONDS_T_TYPE __useconds_t; /* Count of microseconds.  */
      |                              ^~~~~~~~~~~~
/usr/include/bits/types.h:162:31: error: storage class specified for parameter ‘__suseconds_t’
  162 | __STD_TYPE __SUSECONDS_T_TYPE __suseconds_t; /* Signed count of microseconds.  */
      |                               ^~~~~~~~~~~~~
/usr/include/bits/types.h:163:33: error: storage class specified for parameter ‘__suseconds64_t’
  163 | __STD_TYPE __SUSECONDS64_T_TYPE __suseconds64_t;
      |                                 ^~~~~~~~~~~~~~~
/usr/include/bits/types.h:165:27: error: storage class specified for parameter ‘__daddr_t’
  165 | __STD_TYPE __DADDR_T_TYPE __daddr_t;    /* The type of a disk address.  */
      |                           ^~~~~~~~~
/usr/include/bits/types.h:166:25: error: storage class specified for parameter ‘__key_t’
  166 | __STD_TYPE __KEY_T_TYPE __key_t;        /* Type of an IPC key.  */
      |                         ^~~~~~~
/usr/include/bits/types.h:169:29: error: storage class specified for parameter ‘__clockid_t’
  169 | __STD_TYPE __CLOCKID_T_TYPE __clockid_t;
      |                             ^~~~~~~~~~~
/usr/include/bits/types.h:172:27: error: storage class specified for parameter ‘__timer_t’
  172 | __STD_TYPE __TIMER_T_TYPE __timer_t;
      |                           ^~~~~~~~~
/usr/include/bits/types.h:175:29: error: storage class specified for parameter ‘__blksize_t’
  175 | __STD_TYPE __BLKSIZE_T_TYPE __blksize_t;
      |                             ^~~~~~~~~~~
/usr/include/bits/types.h:180:28: error: storage class specified for parameter ‘__blkcnt_t’
  180 | __STD_TYPE __BLKCNT_T_TYPE __blkcnt_t;
      |                            ^~~~~~~~~~
/usr/include/bits/types.h:181:30: error: storage class specified for parameter ‘__blkcnt64_t’
  181 | __STD_TYPE __BLKCNT64_T_TYPE __blkcnt64_t;
      |                              ^~~~~~~~~~~~
/usr/include/bits/types.h:184:30: error: storage class specified for parameter ‘__fsblkcnt_t’
  184 | __STD_TYPE __FSBLKCNT_T_TYPE __fsblkcnt_t;
      |                              ^~~~~~~~~~~~
/usr/include/bits/types.h:185:32: error: storage class specified for parameter ‘__fsblkcnt64_t’
  185 | __STD_TYPE __FSBLKCNT64_T_TYPE __fsblkcnt64_t;
      |                                ^~~~~~~~~~~~~~
/usr/include/bits/types.h:188:30: error: storage class specified for parameter ‘__fsfilcnt_t’
  188 | __STD_TYPE __FSFILCNT_T_TYPE __fsfilcnt_t;
      |                              ^~~~~~~~~~~~
/usr/include/bits/types.h:189:32: error: storage class specified for parameter ‘__fsfilcnt64_t’
  189 | __STD_TYPE __FSFILCNT64_T_TYPE __fsfilcnt64_t;
      |                                ^~~~~~~~~~~~~~
/usr/include/bits/types.h:192:28: error: storage class specified for parameter ‘__fsword_t’
  192 | __STD_TYPE __FSWORD_T_TYPE __fsword_t;
      |                            ^~~~~~~~~~
/usr/include/bits/types.h:194:27: error: storage class specified for parameter ‘__ssize_t’
  194 | __STD_TYPE __SSIZE_T_TYPE __ssize_t; /* Type of a byte count, or error.  */
      |                           ^~~~~~~~~
/usr/include/bits/types.h:197:33: error: storage class specified for parameter ‘__syscall_slong_t’
  197 | __STD_TYPE __SYSCALL_SLONG_TYPE __syscall_slong_t;
      |                                 ^~~~~~~~~~~~~~~~~
/usr/include/bits/types.h:199:33: error: storage class specified for parameter ‘__syscall_ulong_t’
  199 | __STD_TYPE __SYSCALL_ULONG_TYPE __syscall_ulong_t;
      |                                 ^~~~~~~~~~~~~~~~~
/usr/include/bits/types.h:203:19: error: expected ‘=’, ‘,’, ‘;’, ‘asm’ or ‘__attribute__’ before ‘__loff_t’
  203 | typedef __off64_t __loff_t;     /* Type of file sizes and offsets (LFS).  */
      |                   ^~~~~~~~
/usr/include/bits/types.h:204:15: error: storage class specified for parameter ‘__caddr_t’
  204 | typedef char *__caddr_t;
      |               ^~~~~~~~~
/usr/include/bits/types.h:207:25: error: storage class specified for parameter ‘__intptr_t’
  207 | __STD_TYPE __SWORD_TYPE __intptr_t;
      |                         ^~~~~~~~~~
/usr/include/bits/types.h:210:23: error: storage class specified for parameter ‘__socklen_t’
  210 | __STD_TYPE __U32_TYPE __socklen_t;
      |                       ^~~~~~~~~~~
/usr/include/bits/types.h:215:13: error: storage class specified for parameter ‘__sig_atomic_t’
  215 | typedef int __sig_atomic_t;
      |             ^~~~~~~~~~~~~~
/usr/include/sys/types.h:33:18: error: expected ‘=’, ‘,’, ‘;’, ‘asm’ or ‘__attribute__’ before ‘u_char’
   33 | typedef __u_char u_char;
      |                  ^~~~~~
/usr/include/sys/types.h:34:19: error: expected ‘=’, ‘,’, ‘;’, ‘asm’ or ‘__attribute__’ before ‘u_short’
   34 | typedef __u_short u_short;
      |                   ^~~~~~~
/usr/include/sys/types.h:35:17: error: expected ‘=’, ‘,’, ‘;’, ‘asm’ or ‘__attribute__’ before ‘u_int’
   35 | typedef __u_int u_int;
      |                 ^~~~~
/usr/include/sys/types.h:36:18: error: expected ‘=’, ‘,’, ‘;’, ‘asm’ or ‘__attribute__’ before ‘u_long’
   36 | typedef __u_long u_long;
      |                  ^~~~~~
/usr/include/sys/types.h:37:18: error: expected ‘=’, ‘,’, ‘;’, ‘asm’ or ‘__attribute__’ before ‘quad_t’
   37 | typedef __quad_t quad_t;
      |                  ^~~~~~
/usr/include/sys/types.h:38:20: error: expected ‘=’, ‘,’, ‘;’, ‘asm’ or ‘__attribute__’ before ‘u_quad_t’
   38 | typedef __u_quad_t u_quad_t;
      |                    ^~~~~~~~
/usr/include/sys/types.h:39:18: error: expected ‘=’, ‘,’, ‘;’, ‘asm’ or ‘__attribute__’ before ‘fsid_t’
   39 | typedef __fsid_t fsid_t;
      |                  ^~~~~~
/usr/include/sys/types.h:42:9: error: unknown type name ‘__loff_t’
   42 | typedef __loff_t loff_t;
      |         ^~~~~~~~
/usr/include/sys/types.h:42:18: error: storage class specified for parameter ‘loff_t’
   42 | typedef __loff_t loff_t;
      |                  ^~~~~~
/usr/include/sys/types.h:47:17: error: expected ‘=’, ‘,’, ‘;’, ‘asm’ or ‘__attribute__’ before ‘ino_t’
   47 | typedef __ino_t ino_t;
      |                 ^~~~~
/usr/include/sys/types.h:59:17: error: expected ‘=’, ‘,’, ‘;’, ‘asm’ or ‘__attribute__’ before ‘dev_t’
   59 | typedef __dev_t dev_t;
      |                 ^~~~~
/usr/include/sys/types.h:64:17: error: expected ‘=’, ‘,’, ‘;’, ‘asm’ or ‘__attribute__’ before ‘gid_t’
   64 | typedef __gid_t gid_t;
      |                 ^~~~~
/usr/include/sys/types.h:69:18: error: expected ‘=’, ‘,’, ‘;’, ‘asm’ or ‘__attribute__’ before ‘mode_t’
   69 | typedef __mode_t mode_t;
      |                  ^~~~~~
/usr/include/sys/types.h:74:19: error: expected ‘=’, ‘,’, ‘;’, ‘asm’ or ‘__attribute__’ before ‘nlink_t’
   74 | typedef __nlink_t nlink_t;
      |                   ^~~~~~~
/usr/include/sys/types.h:79:17: error: expected ‘=’, ‘,’, ‘;’, ‘asm’ or ‘__attribute__’ before ‘uid_t’
   79 | typedef __uid_t uid_t;
      |                 ^~~~~
/usr/include/sys/types.h:85:17: error: expected ‘=’, ‘,’, ‘;’, ‘asm’ or ‘__attribute__’ before ‘off_t’
   85 | typedef __off_t off_t;
      |                 ^~~~~
/usr/include/sys/types.h:97:17: error: expected ‘=’, ‘,’, ‘;’, ‘asm’ or ‘__attribute__’ before ‘pid_t’
   97 | typedef __pid_t pid_t;
      |                 ^~~~~
/usr/include/sys/types.h:103:16: error: expected ‘=’, ‘,’, ‘;’, ‘asm’ or ‘__attribute__’ before ‘id_t’
  103 | typedef __id_t id_t;
      |                ^~~~
/usr/include/sys/types.h:108:19: error: expected ‘=’, ‘,’, ‘;’, ‘asm’ or ‘__attribute__’ before ‘ssize_t’
  108 | typedef __ssize_t ssize_t;
      |                   ^~~~~~~
/usr/include/sys/types.h:114:19: error: expected ‘=’, ‘,’, ‘;’, ‘asm’ or ‘__attribute__’ before ‘daddr_t’
  114 | typedef __daddr_t daddr_t;
      |                   ^~~~~~~
/usr/include/sys/types.h:115:19: error: expected ‘=’, ‘,’, ‘;’, ‘asm’ or ‘__attribute__’ before ‘caddr_t’
  115 | typedef __caddr_t caddr_t;
      |                   ^~~~~~~
/usr/include/sys/types.h:121:17: error: expected ‘=’, ‘,’, ‘;’, ‘asm’ or ‘__attribute__’ before ‘key_t’
  121 | typedef __key_t key_t;
      |                 ^~~~~
In file included from /usr/include/sys/types.h:126:
/usr/include/bits/types/clock_t.h:7:19: error: expected ‘=’, ‘,’, ‘;’, ‘asm’ or ‘__attribute__’ before ‘clock_t’
    7 | typedef __clock_t clock_t;
      |                   ^~~~~~~
In file included from /usr/include/sys/types.h:128:
/usr/include/bits/types/clockid_t.h:7:21: error: expected ‘=’, ‘,’, ‘;’, ‘asm’ or ‘__attribute__’ before ‘clockid_t’
    7 | typedef __clockid_t clockid_t;
      |                     ^~~~~~~~~
In file included from /usr/include/sys/types.h:129:
/usr/include/bits/types/time_t.h:10:18: error: expected ‘=’, ‘,’, ‘;’, ‘asm’ or ‘__attribute__’ before ‘time_t’
   10 | typedef __time_t time_t;
      |                  ^~~~~~
In file included from /usr/include/sys/types.h:130:
/usr/include/bits/types/timer_t.h:7:19: error: expected ‘=’, ‘,’, ‘;’, ‘asm’ or ‘__attribute__’ before ‘timer_t’
    7 | typedef __timer_t timer_t;
      |                   ^~~~~~~
/usr/include/sys/types.h:148:27: error: storage class specified for parameter ‘ulong’
  148 | typedef unsigned long int ulong;
      |                           ^~~~~
/usr/include/sys/types.h:149:28: error: storage class specified for parameter ‘ushort’
  149 | typedef unsigned short int ushort;
      |                            ^~~~~~
/usr/include/sys/types.h:150:22: error: storage class specified for parameter ‘uint’
  150 | typedef unsigned int uint;
      |                      ^~~~
In file included from /usr/include/sys/types.h:155:
/usr/include/bits/stdint-intn.h:24:18: error: expected ‘=’, ‘,’, ‘;’, ‘asm’ or ‘__attribute__’ before ‘int8_t’
   24 | typedef __int8_t int8_t;
      |                  ^~~~~~
/usr/include/bits/stdint-intn.h:25:19: error: expected ‘=’, ‘,’, ‘;’, ‘asm’ or ‘__attribute__’ before ‘int16_t’
   25 | typedef __int16_t int16_t;
      |                   ^~~~~~~
/usr/include/bits/stdint-intn.h:26:19: error: expected ‘=’, ‘,’, ‘;’, ‘asm’ or ‘__attribute__’ before ‘int32_t’
   26 | typedef __int32_t int32_t;
      |                   ^~~~~~~
/usr/include/bits/stdint-intn.h:27:19: error: expected ‘=’, ‘,’, ‘;’, ‘asm’ or ‘__attribute__’ before ‘int64_t’
   27 | typedef __int64_t int64_t;
      |                   ^~~~~~~
/usr/include/sys/types.h:158:19: error: expected ‘=’, ‘,’, ‘;’, ‘asm’ or ‘__attribute__’ before ‘u_int8_t’
  158 | typedef __uint8_t u_int8_t;
      |                   ^~~~~~~~
/usr/include/sys/types.h:159:20: error: expected ‘=’, ‘,’, ‘;’, ‘asm’ or ‘__attribute__’ before ‘u_int16_t’
  159 | typedef __uint16_t u_int16_t;
      |                    ^~~~~~~~~
/usr/include/sys/types.h:160:20: error: expected ‘=’, ‘,’, ‘;’, ‘asm’ or ‘__attribute__’ before ‘u_int32_t’
  160 | typedef __uint32_t u_int32_t;
      |                    ^~~~~~~~~
/usr/include/sys/types.h:161:20: error: expected ‘=’, ‘,’, ‘;’, ‘asm’ or ‘__attribute__’ before ‘u_int64_t’
  161 | typedef __uint64_t u_int64_t;
      |                    ^~~~~~~~~
/usr/include/sys/types.h:164:13: error: storage class specified for parameter ‘register_t’
  164 | typedef int register_t __attribute__ ((__mode__ (__word__)));
      |             ^~~~~~~~~~
In file included from /usr/include/endian.h:35,
                 from /usr/include/sys/types.h:176:
/usr/include/bits/byteswap.h:34:1: error: expected ‘=’, ‘,’, ‘;’, ‘asm’ or ‘__attribute__’ before ‘__bswap_16’
   34 | __bswap_16 (__uint16_t __bsx)
      | ^~~~~~~~~~
/usr/include/bits/byteswap.h:49:1: error: expected ‘=’, ‘,’, ‘;’, ‘asm’ or ‘__attribute__’ before ‘__bswap_32’
   49 | __bswap_32 (__uint32_t __bsx)
      | ^~~~~~~~~~
/usr/include/bits/byteswap.h:69:1: error: expected declaration specifiers before ‘__extension__’
   69 | __extension__ static __inline __uint64_t
      | ^~~~~~~~~~~~~
In file included from /usr/include/endian.h:36:
/usr/include/bits/uintn-identity.h:33:1: error: expected ‘=’, ‘,’, ‘;’, ‘asm’ or ‘__attribute__’ before ‘__uint16_identity’
   33 | __uint16_identity (__uint16_t __x)
      | ^~~~~~~~~~~~~~~~~
/usr/include/bits/uintn-identity.h:39:1: error: expected ‘=’, ‘,’, ‘;’, ‘asm’ or ‘__attribute__’ before ‘__uint32_identity’
   39 | __uint32_identity (__uint32_t __x)
      | ^~~~~~~~~~~~~~~~~
/usr/include/bits/uintn-identity.h:45:1: error: expected ‘=’, ‘,’, ‘;’, ‘asm’ or ‘__attribute__’ before ‘__uint64_identity’
   45 | __uint64_identity (__uint64_t __x)
      | ^~~~~~~~~~~~~~~~~
In file included from /usr/include/bits/types/sigset_t.h:4,
                 from /usr/include/sys/select.h:33,
                 from /usr/include/sys/types.h:179:
/usr/include/bits/types/__sigset_t.h:8:3: error: storage class specified for parameter ‘__sigset_t’
    8 | } __sigset_t;
      |   ^~~~~~~~~~
/usr/include/bits/types/sigset_t.h:7:20: error: expected ‘=’, ‘,’, ‘;’, ‘asm’ or ‘__attribute__’ before ‘sigset_t’
    7 | typedef __sigset_t sigset_t;
      |                    ^~~~~~~~
In file included from /usr/include/sys/select.h:37:
/usr/include/bits/types/struct_timeval.h:14:3: error: expected specifier-qualifier-list before ‘__time_t’
   14 |   __time_t tv_sec;              /* Seconds.  */
      |   ^~~~~~~~
In file included from /usr/include/sys/select.h:39:
/usr/include/bits/types/struct_timespec.h:16:3: error: expected specifier-qualifier-list before ‘__time_t’
   16 |   __time_t tv_sec;              /* Seconds.  */
      |   ^~~~~~~~
/usr/include/sys/select.h:43:23: error: expected ‘=’, ‘,’, ‘;’, ‘asm’ or ‘__attribute__’ before ‘suseconds_t’
   43 | typedef __suseconds_t suseconds_t;
      |                       ^~~~~~~~~~~
/usr/include/sys/select.h:49:18: error: storage class specified for parameter ‘__fd_mask’
   49 | typedef long int __fd_mask;
      |                  ^~~~~~~~~
/usr/include/sys/select.h:67:5: error: expected specifier-qualifier-list before ‘__fd_mask’
   67 |     __fd_mask __fds_bits[__FD_SETSIZE / __NFDBITS];
      |     ^~~~~~~~~
/usr/include/sys/select.h:70:5: error: storage class specified for parameter ‘fd_set’
   70 |   } fd_set;
      |     ^~~~~~
/usr/include/sys/select.h:77:19: error: expected ‘=’, ‘,’, ‘;’, ‘asm’ or ‘__attribute__’ before ‘fd_mask’
   77 | typedef __fd_mask fd_mask;
      |                   ^~~~~~~
/usr/include/sys/select.h:102:32: error: expected declaration specifiers or ‘...’ before ‘fd_set’
  102 | extern int select (int __nfds, fd_set *__restrict __readfds,
      |                                ^~~~~~
/usr/include/sys/select.h:103:20: error: expected declaration specifiers or ‘...’ before ‘fd_set’
  103 |                    fd_set *__restrict __writefds,
      |                    ^~~~~~
/usr/include/sys/select.h:104:20: error: expected declaration specifiers or ‘...’ before ‘fd_set’
  104 |                    fd_set *__restrict __exceptfds,
      |                    ^~~~~~
/usr/include/sys/select.h:127:33: error: expected declaration specifiers or ‘...’ before ‘fd_set’
  127 | extern int pselect (int __nfds, fd_set *__restrict __readfds,
      |                                 ^~~~~~
/usr/include/sys/select.h:128:21: error: expected declaration specifiers or ‘...’ before ‘fd_set’
  128 |                     fd_set *__restrict __writefds,
      |                     ^~~~~~
/usr/include/sys/select.h:129:21: error: expected declaration specifiers or ‘...’ before ‘fd_set’
  129 |                     fd_set *__restrict __exceptfds,
      |                     ^~~~~~
/usr/include/sys/select.h:131:27: error: type defaults to ‘int’ in declaration of ‘__sigset_t’ [-Wimplicit-int]
  131 |                     const __sigset_t *__restrict __sigmask);
      |                           ^~~~~~~~~~
/usr/include/sys/select.h:131:38: error: expected ‘;’, ‘,’ or ‘)’ before ‘*’ token
  131 |                     const __sigset_t *__restrict __sigmask);
      |                                      ^
/usr/include/sys/types.h:185:21: error: expected ‘=’, ‘,’, ‘;’, ‘asm’ or ‘__attribute__’ before ‘blksize_t’
  185 | typedef __blksize_t blksize_t;
      |                     ^~~~~~~~~
/usr/include/sys/types.h:192:20: error: expected ‘=’, ‘,’, ‘;’, ‘asm’ or ‘__attribute__’ before ‘blkcnt_t’
  192 | typedef __blkcnt_t blkcnt_t;     /* Type to count number of disk blocks.  */
      |                    ^~~~~~~~
/usr/include/sys/types.h:196:22: error: expected ‘=’, ‘,’, ‘;’, ‘asm’ or ‘__attribute__’ before ‘fsblkcnt_t’
  196 | typedef __fsblkcnt_t fsblkcnt_t; /* Type to count file system blocks.  */
      |                      ^~~~~~~~~~
/usr/include/sys/types.h:200:22: error: expected ‘=’, ‘,’, ‘;’, ‘asm’ or ‘__attribute__’ before ‘fsfilcnt_t’
  200 | typedef __fsfilcnt_t fsfilcnt_t; /* Type to count file system inodes.  */
      |                      ^~~~~~~~~~
In file included from /usr/include/bits/thread-shared-types.h:46,
                 from /usr/include/bits/pthreadtypes.h:23,
                 from /usr/include/sys/types.h:227:
/usr/include/bits/atomic_wide_counter.h:33:3: error: storage class specified for parameter ‘__atomic_wide_counter’
   33 | } __atomic_wide_counter;
      |   ^~~~~~~~~~~~~~~~~~~~~
/usr/include/bits/thread-shared-types.h:55:3: error: storage class specified for parameter ‘__pthread_list_t’
   55 | } __pthread_list_t;
      |   ^~~~~~~~~~~~~~~~
/usr/include/bits/thread-shared-types.h:60:3: error: storage class specified for parameter ‘__pthread_slist_t’
   60 | } __pthread_slist_t;
      |   ^~~~~~~~~~~~~~~~~
In file included from /usr/include/bits/thread-shared-types.h:76:
/usr/include/bits/struct_mutex.h:36:3: error: expected specifier-qualifier-list before ‘__pthread_list_t’
   36 |   __pthread_list_t __list;
      |   ^~~~~~~~~~~~~~~~
/usr/include/bits/thread-shared-types.h:96:3: error: expected specifier-qualifier-list before ‘__atomic_wide_counter’
   96 |   __atomic_wide_counter __wseq;
      |   ^~~~~~~~~~~~~~~~~~~~~
/usr/include/bits/thread-shared-types.h:105:22: error: storage class specified for parameter ‘__tss_t’
  105 | typedef unsigned int __tss_t;
      |                      ^~~~~~~
/usr/include/bits/thread-shared-types.h:106:27: error: storage class specified for parameter ‘__thrd_t’
  106 | typedef unsigned long int __thrd_t;
      |                           ^~~~~~~~
/usr/include/bits/thread-shared-types.h:111:3: error: storage class specified for parameter ‘__once_flag’
  111 | } __once_flag;
      |   ^~~~~~~~~~~
/usr/include/bits/pthreadtypes.h:27:27: error: storage class specified for parameter ‘pthread_t’
   27 | typedef unsigned long int pthread_t;
      |                           ^~~~~~~~~
/usr/include/bits/pthreadtypes.h:36:3: error: storage class specified for parameter ‘pthread_mutexattr_t’
   36 | } pthread_mutexattr_t;
      |   ^~~~~~~~~~~~~~~~~~~
/usr/include/bits/pthreadtypes.h:45:3: error: storage class specified for parameter ‘pthread_condattr_t’
   45 | } pthread_condattr_t;
      |   ^~~~~~~~~~~~~~~~~~
/usr/include/bits/pthreadtypes.h:49:22: error: storage class specified for parameter ‘pthread_key_t’
   49 | typedef unsigned int pthread_key_t;
      |                      ^~~~~~~~~~~~~
/usr/include/bits/pthreadtypes.h:53:30: error: storage class specified for parameter ‘pthread_once_t’
   53 | typedef int __ONCE_ALIGNMENT pthread_once_t;
      |                              ^~~~~~~~~~~~~~
/usr/include/bits/pthreadtypes.h:62:30: error: storage class specified for parameter ‘pthread_attr_t’
   62 | typedef union pthread_attr_t pthread_attr_t;
      |                              ^~~~~~~~~~~~~~
/usr/include/bits/pthreadtypes.h:72:3: error: storage class specified for parameter ‘pthread_mutex_t’
   72 | } pthread_mutex_t;
      |   ^~~~~~~~~~~~~~~
/usr/include/bits/pthreadtypes.h:80:3: error: storage class specified for parameter ‘pthread_cond_t’
   80 | } pthread_cond_t;
      |   ^~~~~~~~~~~~~~
/usr/include/bits/pthreadtypes.h:91:3: error: storage class specified for parameter ‘pthread_rwlock_t’
   91 | } pthread_rwlock_t;
      |   ^~~~~~~~~~~~~~~~
/usr/include/bits/pthreadtypes.h:97:3: error: storage class specified for parameter ‘pthread_rwlockattr_t’
   97 | } pthread_rwlockattr_t;
      |   ^~~~~~~~~~~~~~~~~~~~
/usr/include/bits/pthreadtypes.h:103:22: error: storage class specified for parameter ‘pthread_spinlock_t’
  103 | typedef volatile int pthread_spinlock_t;
      |                      ^~~~~~~~~~~~~~~~~~
/usr/include/bits/pthreadtypes.h:112:3: error: storage class specified for parameter ‘pthread_barrier_t’
  112 | } pthread_barrier_t;
      |   ^~~~~~~~~~~~~~~~~
/usr/include/bits/pthreadtypes.h:118:3: error: storage class specified for parameter ‘pthread_barrierattr_t’
  118 | } pthread_barrierattr_t;
      |   ^~~~~~~~~~~~~~~~~~~~~
/usr/include/stdlib.h:521:17: error: storage class specified for parameter ‘random’
  521 | extern long int random (void) __THROW;
      |                 ^~~~~~
/usr/include/stdlib.h:524:13: error: storage class specified for parameter ‘srandom’
  524 | extern void srandom (unsigned int __seed) __THROW;
      |             ^~~~~~~
/usr/include/stdlib.h:531:25: error: expected declaration specifiers or ‘...’ before ‘size_t’
  531 |                         size_t __statelen) __THROW __nonnull ((2));
      |                         ^~~~~~
/usr/include/stdlib.h:535:14: error: storage class specified for parameter ‘setstate’
  535 | extern char *setstate (char *__statebuf) __THROW __nonnull ((1));
      |              ^~~~~~~~
/usr/include/stdlib.h:545:5: error: unknown type name ‘int32_t’
  545 |     int32_t *fptr;              /* Front pointer.  */
      |     ^~~~~~~
/usr/include/stdlib.h:515:1: note: ‘int32_t’ is defined in header ‘<stdint.h>’; this is probably fixable by adding ‘#include <stdint.h>’
  514 | # include <sys/types.h> /* we need int32_t... */
  +++ |+#include <stdint.h>
  515 | 
/usr/include/stdlib.h:546:5: error: unknown type name ‘int32_t’
  546 |     int32_t *rptr;              /* Rear pointer.  */
      |     ^~~~~~~
/usr/include/stdlib.h:546:5: note: ‘int32_t’ is defined in header ‘<stdint.h>’; this is probably fixable by adding ‘#include <stdint.h>’
/usr/include/stdlib.h:547:5: error: unknown type name ‘int32_t’
  547 |     int32_t *state;             /* Array of state values.  */
      |     ^~~~~~~
/usr/include/stdlib.h:547:5: note: ‘int32_t’ is defined in header ‘<stdint.h>’; this is probably fixable by adding ‘#include <stdint.h>’
/usr/include/stdlib.h:551:5: error: unknown type name ‘int32_t’
  551 |     int32_t *end_ptr;           /* Pointer behind state table.  */
      |     ^~~~~~~
/usr/include/stdlib.h:551:5: note: ‘int32_t’ is defined in header ‘<stdint.h>’; this is probably fixable by adding ‘#include <stdint.h>’
/usr/include/stdlib.h:555:22: error: unknown type name ‘int32_t’
  555 |                      int32_t *__restrict __result) __THROW __nonnull ((1, 2));
      |                      ^~~~~~~
/usr/include/stdlib.h:555:22: note: ‘int32_t’ is defined in header ‘<stdint.h>’; this is probably fixable by adding ‘#include <stdint.h>’
/usr/include/stdlib.h:557:12: error: storage class specified for parameter ‘srandom_r’
  557 | extern int srandom_r (unsigned int __seed, struct random_data *__buf)
      |            ^~~~~~~~~
/usr/include/stdlib.h:561:25: error: expected declaration specifiers or ‘...’ before ‘size_t’
  561 |                         size_t __statelen,
      |                         ^~~~~~
/usr/include/stdlib.h:565:12: error: storage class specified for parameter ‘setstate_r’
  565 | extern int setstate_r (char *__restrict __statebuf,
      |            ^~~~~~~~~~
/usr/include/stdlib.h:573:12: error: storage class specified for parameter ‘rand’
  573 | extern int rand (void) __THROW;
      |            ^~~~
/usr/include/stdlib.h:575:13: error: storage class specified for parameter ‘srand’
  575 | extern void srand (unsigned int __seed) __THROW;
      |             ^~~~~
/usr/include/stdlib.h:579:12: error: storage class specified for parameter ‘rand_r’
  579 | extern int rand_r (unsigned int *__seed) __THROW;
      |            ^~~~~~
/usr/include/stdlib.h:587:15: error: storage class specified for parameter ‘drand48’
  587 | extern double drand48 (void) __THROW;
      |               ^~~~~~~
/usr/include/stdlib.h:588:15: error: storage class specified for parameter ‘erand48’
  588 | extern double erand48 (unsigned short int __xsubi[3]) __THROW __nonnull ((1));
      |               ^~~~~~~
/usr/include/stdlib.h:591:17: error: storage class specified for parameter ‘lrand48’
  591 | extern long int lrand48 (void) __THROW;
      |                 ^~~~~~~
/usr/include/stdlib.h:592:17: error: storage class specified for parameter ‘nrand48’
  592 | extern long int nrand48 (unsigned short int __xsubi[3])
      |                 ^~~~~~~
/usr/include/stdlib.h:596:17: error: storage class specified for parameter ‘mrand48’
  596 | extern long int mrand48 (void) __THROW;
      |                 ^~~~~~~
/usr/include/stdlib.h:597:17: error: storage class specified for parameter ‘jrand48’
  597 | extern long int jrand48 (unsigned short int __xsubi[3])
      |                 ^~~~~~~
/usr/include/stdlib.h:601:13: error: storage class specified for parameter ‘srand48’
  601 | extern void srand48 (long int __seedval) __THROW;
      |             ^~~~~~~
/usr/include/stdlib.h:602:28: error: storage class specified for parameter ‘seed48’
  602 | extern unsigned short int *seed48 (unsigned short int __seed16v[3])
      |                            ^~~~~~
/usr/include/stdlib.h:604:13: error: storage class specified for parameter ‘lcong48’
  604 | extern void lcong48 (unsigned short int __param[7]) __THROW __nonnull ((1));
      |             ^~~~~~~
/usr/include/stdlib.h:621:12: error: storage class specified for parameter ‘drand48_r’
  621 | extern int drand48_r (struct drand48_data *__restrict __buffer,
      |            ^~~~~~~~~
/usr/include/stdlib.h:623:12: error: storage class specified for parameter ‘erand48_r’
  623 | extern int erand48_r (unsigned short int __xsubi[3],
      |            ^~~~~~~~~
/usr/include/stdlib.h:628:12: error: storage class specified for parameter ‘lrand48_r’
  628 | extern int lrand48_r (struct drand48_data *__restrict __buffer,
      |            ^~~~~~~~~
/usr/include/stdlib.h:631:12: error: storage class specified for parameter ‘nrand48_r’
  631 | extern int nrand48_r (unsigned short int __xsubi[3],
      |            ^~~~~~~~~
/usr/include/stdlib.h:637:12: error: storage class specified for parameter ‘mrand48_r’
  637 | extern int mrand48_r (struct drand48_data *__restrict __buffer,
      |            ^~~~~~~~~
/usr/include/stdlib.h:640:12: error: storage class specified for parameter ‘jrand48_r’
  640 | extern int jrand48_r (unsigned short int __xsubi[3],
      |            ^~~~~~~~~
/usr/include/stdlib.h:646:12: error: storage class specified for parameter ‘srand48_r’
  646 | extern int srand48_r (long int __seedval, struct drand48_data *__buffer)
      |            ^~~~~~~~~
/usr/include/stdlib.h:649:12: error: storage class specified for parameter ‘seed48_r’
  649 | extern int seed48_r (unsigned short int __seed16v[3],
      |            ^~~~~~~~
/usr/include/stdlib.h:652:12: error: storage class specified for parameter ‘lcong48_r’
  652 | extern int lcong48_r (unsigned short int __param[7],
      |            ^~~~~~~~~
/usr/include/stdlib.h:657:19: error: expected ‘=’, ‘,’, ‘;’, ‘asm’ or ‘__attribute__’ before ‘arc4random’
  657 | extern __uint32_t arc4random (void)
      |                   ^~~~~~~~~~
/usr/include/stdlib.h:661:42: error: expected declaration specifiers or ‘...’ before ‘size_t’
  661 | extern void arc4random_buf (void *__buf, size_t __size)
      |                                          ^~~~~~
/usr/include/stdlib.h:666:19: error: expected ‘=’, ‘,’, ‘;’, ‘asm’ or ‘__attribute__’ before ‘arc4random_uniform’
  666 | extern __uint32_t arc4random_uniform (__uint32_t __upper_bound)
      |                   ^~~~~~~~~~~~~~~~~~
/usr/include/stdlib.h:672:22: error: expected declaration specifiers or ‘...’ before ‘size_t’
  672 | extern void *malloc (size_t __size) __THROW __attribute_malloc__
      |                      ^~~~~~
/usr/include/stdlib.h:675:22: error: expected declaration specifiers or ‘...’ before ‘size_t’
  675 | extern void *calloc (size_t __nmemb, size_t __size)
      |                      ^~~~~~
/usr/include/stdlib.h:675:38: error: expected declaration specifiers or ‘...’ before ‘size_t’
  675 | extern void *calloc (size_t __nmemb, size_t __size)
      |                                      ^~~~~~
/usr/include/stdlib.h:683:36: error: expected declaration specifiers or ‘...’ before ‘size_t’
  683 | extern void *realloc (void *__ptr, size_t __size)
      |                                    ^~~~~~
/usr/include/stdlib.h:687:13: error: storage class specified for parameter ‘free’
  687 | extern void free (void *__ptr) __THROW;
      |             ^~~~
/usr/include/stdlib.h:695:41: error: expected declaration specifiers or ‘...’ before ‘size_t’
  695 | extern void *reallocarray (void *__ptr, size_t __nmemb, size_t __size)
      |                                         ^~~~~~
/usr/include/stdlib.h:695:57: error: expected declaration specifiers or ‘...’ before ‘size_t’
  695 | extern void *reallocarray (void *__ptr, size_t __nmemb, size_t __size)
      |                                                         ^~~~~~
/usr/include/stdlib.h:701:41: error: expected declaration specifiers or ‘...’ before ‘size_t’
  701 | extern void *reallocarray (void *__ptr, size_t __nmemb, size_t __size)
      |                                         ^~~~~~
/usr/include/stdlib.h:701:57: error: expected declaration specifiers or ‘...’ before ‘size_t’
  701 | extern void *reallocarray (void *__ptr, size_t __nmemb, size_t __size)
      |                                                         ^~~~~~
In file included from /usr/include/stdlib.h:706:
/usr/include/alloca.h:32:22: error: expected declaration specifiers or ‘...’ before ‘size_t’
   32 | extern void *alloca (size_t __size) __THROW;
      |                      ^~~~~~
/usr/include/stdlib.h:712:22: error: expected declaration specifiers or ‘...’ before ‘size_t’
  712 | extern void *valloc (size_t __size) __THROW __attribute_malloc__
      |                      ^~~~~~
/usr/include/stdlib.h:718:45: error: expected declaration specifiers or ‘...’ before ‘size_t’
  718 | extern int posix_memalign (void **__memptr, size_t __alignment, size_t __size)
      |                                             ^~~~~~
/usr/include/stdlib.h:718:65: error: expected declaration specifiers or ‘...’ before ‘size_t’
  718 | extern int posix_memalign (void **__memptr, size_t __alignment, size_t __size)
      |                                                                 ^~~~~~
/usr/include/stdlib.h:724:29: error: expected declaration specifiers or ‘...’ before ‘size_t’
  724 | extern void *aligned_alloc (size_t __alignment, size_t __size)
      |                             ^~~~~~
/usr/include/stdlib.h:724:49: error: expected declaration specifiers or ‘...’ before ‘size_t’
  724 | extern void *aligned_alloc (size_t __alignment, size_t __size)
      |                                                 ^~~~~~
/usr/include/stdlib.h:730:13: error: storage class specified for parameter ‘abort’
  730 | extern void abort (void) __THROW __attribute__ ((__noreturn__));
      |             ^~~~~
/usr/include/stdlib.h:734:12: error: storage class specified for parameter ‘atexit’
  734 | extern int atexit (void (*__func) (void)) __THROW __nonnull ((1));
      |            ^~~~~~
/usr/include/stdlib.h:742:12: error: storage class specified for parameter ‘at_quick_exit’
  742 | extern int at_quick_exit (void (*__func) (void)) __THROW __nonnull ((1));
      |            ^~~~~~~~~~~~~
/usr/include/stdlib.h:749:12: error: storage class specified for parameter ‘on_exit’
  749 | extern int on_exit (void (*__func) (int __status, void *__arg), void *__arg)
      |            ^~~~~~~
/usr/include/stdlib.h:756:13: error: storage class specified for parameter ‘exit’
  756 | extern void exit (int __status) __THROW __attribute__ ((__noreturn__));
      |             ^~~~
/usr/include/stdlib.h:762:13: error: storage class specified for parameter ‘quick_exit’
  762 | extern void quick_exit (int __status) __THROW __attribute__ ((__noreturn__));
      |             ^~~~~~~~~~
/usr/include/stdlib.h:768:13: error: storage class specified for parameter ‘_Exit’
  768 | extern void _Exit (int __status) __THROW __attribute__ ((__noreturn__));
      |             ^~~~~
/usr/include/stdlib.h:773:14: error: storage class specified for parameter ‘getenv’
  773 | extern char *getenv (const char *__name) __THROW __nonnull ((1)) __wur;
      |              ^~~~~~
/usr/include/stdlib.h:786:12: error: storage class specified for parameter ‘putenv’
  786 | extern int putenv (char *__string) __THROW __nonnull ((1));
      |            ^~~~~~
/usr/include/stdlib.h:792:12: error: storage class specified for parameter ‘setenv’
  792 | extern int setenv (const char *__name, const char *__value, int __replace)
      |            ^~~~~~
/usr/include/stdlib.h:796:12: error: storage class specified for parameter ‘unsetenv’
  796 | extern int unsetenv (const char *__name) __THROW __nonnull ((1));
      |            ^~~~~~~~
/usr/include/stdlib.h:803:12: error: storage class specified for parameter ‘clearenv’
  803 | extern int clearenv (void) __THROW;
      |            ^~~~~~~~
/usr/include/stdlib.h:814:14: error: storage class specified for parameter ‘mktemp’
  814 | extern char *mktemp (char *__template) __THROW __nonnull ((1));
      |              ^~~~~~
/usr/include/stdlib.h:827:12: error: storage class specified for parameter ‘mkstemp’
  827 | extern int mkstemp (char *__template) __nonnull ((1)) __wur;
      |            ^~~~~~~
/usr/include/stdlib.h:849:12: error: storage class specified for parameter ‘mkstemps’
  849 | extern int mkstemps (char *__template, int __suffixlen) __nonnull ((1)) __wur;
      |            ^~~~~~~~
/usr/include/stdlib.h:870:14: error: storage class specified for parameter ‘mkdtemp’
  870 | extern char *mkdtemp (char *__template) __THROW __nonnull ((1)) __wur;
      |              ^~~~~~~
/usr/include/stdlib.h:923:12: error: storage class specified for parameter ‘system’
  923 | extern int system (const char *__command) __wur;
      |            ^~~~~~
/usr/include/stdlib.h:940:14: error: storage class specified for parameter ‘realpath’
  940 | extern char *realpath (const char *__restrict __name,
      |              ^~~~~~~~
/usr/include/stdlib.h:948:15: error: storage class specified for parameter ‘__compar_fn_t’
  948 | typedef int (*__compar_fn_t) (const void *, const void *);
      |               ^~~~~~~~~~~~~
/usr/include/stdlib.h:961:23: error: expected declaration specifiers or ‘...’ before ‘size_t’
  961 |                       size_t __nmemb, size_t __size, __compar_fn_t __compar)
      |                       ^~~~~~
/usr/include/stdlib.h:961:39: error: expected declaration specifiers or ‘...’ before ‘size_t’
  961 |                       size_t __nmemb, size_t __size, __compar_fn_t __compar)
      |                                       ^~~~~~
/usr/include/stdlib.h:961:54: error: expected declaration specifiers or ‘...’ before ‘__compar_fn_t’
  961 |                       size_t __nmemb, size_t __size, __compar_fn_t __compar)
      |                                                      ^~~~~~~~~~~~~
/usr/include/stdlib.h:970:34: error: expected declaration specifiers or ‘...’ before ‘size_t’
  970 | extern void qsort (void *__base, size_t __nmemb, size_t __size,
      |                                  ^~~~~~
/usr/include/stdlib.h:970:50: error: expected declaration specifiers or ‘...’ before ‘size_t’
  970 | extern void qsort (void *__base, size_t __nmemb, size_t __size,
      |                                                  ^~~~~~
/usr/include/stdlib.h:971:20: error: expected declaration specifiers or ‘...’ before ‘__compar_fn_t’
  971 |                    __compar_fn_t __compar) __nonnull ((1, 4));
      |                    ^~~~~~~~~~~~~
/usr/include/stdlib.h:980:12: error: storage class specified for parameter ‘abs’
  980 | extern int abs (int __x) __THROW __attribute__ ((__const__)) __wur;
      |            ^~~
/usr/include/stdlib.h:981:17: error: storage class specified for parameter ‘labs’
  981 | extern long int labs (long int __x) __THROW __attribute__ ((__const__)) __wur;
      |                 ^~~~
/usr/include/stdlib.h:984:1: error: expected declaration specifiers before ‘__extension__’
  984 | __extension__ extern long long int llabs (long long int __x)
      | ^~~~~~~~~~~~~
/usr/include/stdlib.h:992:14: error: expected ‘=’, ‘,’, ‘;’, ‘asm’ or ‘__attribute__’ before ‘div’
  992 | extern div_t div (int __numer, int __denom)
      |              ^~~
/usr/include/stdlib.h:994:15: error: expected ‘=’, ‘,’, ‘;’, ‘asm’ or ‘__attribute__’ before ‘ldiv’
  994 | extern ldiv_t ldiv (long int __numer, long int __denom)
      |               ^~~~
/usr/include/stdlib.h:998:1: error: expected declaration specifiers before ‘__extension__’
  998 | __extension__ extern lldiv_t lldiv (long long int __numer,
      | ^~~~~~~~~~~~~
/usr/include/stdlib.h:1012:14: error: storage class specified for parameter ‘ecvt’
 1012 | extern char *ecvt (double __value, int __ndigit, int *__restrict __decpt,
      |              ^~~~
/usr/include/stdlib.h:1018:14: error: storage class specified for parameter ‘fcvt’
 1018 | extern char *fcvt (double __value, int __ndigit, int *__restrict __decpt,
      |              ^~~~
/usr/include/stdlib.h:1024:14: error: storage class specified for parameter ‘gcvt’
 1024 | extern char *gcvt (double __value, int __ndigit, char *__buf)
      |              ^~~~
/usr/include/stdlib.h:1030:14: error: storage class specified for parameter ‘qecvt’
 1030 | extern char *qecvt (long double __value, int __ndigit,
      |              ^~~~~
/usr/include/stdlib.h:1033:14: error: storage class specified for parameter ‘qfcvt’
 1033 | extern char *qfcvt (long double __value, int __ndigit,
      |              ^~~~~
/usr/include/stdlib.h:1036:14: error: storage class specified for parameter ‘qgcvt’
 1036 | extern char *qgcvt (long double __value, int __ndigit, char *__buf)
      |              ^~~~~
/usr/include/stdlib.h:1044:20: error: expected declaration specifiers or ‘...’ before ‘size_t’
 1044 |                    size_t __len) __THROW __nonnull ((3, 4, 5));
      |                    ^~~~~~
/usr/include/stdlib.h:1047:20: error: expected declaration specifiers or ‘...’ before ‘size_t’
 1047 |                    size_t __len) __THROW __nonnull ((3, 4, 5));
      |                    ^~~~~~
/usr/include/stdlib.h:1051:45: error: expected declaration specifiers or ‘...’ before ‘size_t’
 1051 |                     char *__restrict __buf, size_t __len)
      |                                             ^~~~~~
/usr/include/stdlib.h:1055:45: error: expected declaration specifiers or ‘...’ before ‘size_t’
 1055 |                     char *__restrict __buf, size_t __len)
      |                                             ^~~~~~
/usr/include/stdlib.h:1062:36: error: expected declaration specifiers or ‘...’ before ‘size_t’
 1062 | extern int mblen (const char *__s, size_t __n) __THROW;
      |                                    ^~~~~~
/usr/include/stdlib.h:1065:20: error: expected declaration specifiers or ‘...’ before ‘wchar_t’
 1065 | extern int mbtowc (wchar_t *__restrict __pwc,
      |                    ^~~~~~~
/usr/include/stdlib.h:1066:48: error: expected declaration specifiers or ‘...’ before ‘size_t’
 1066 |                    const char *__restrict __s, size_t __n) __THROW;
      |                                                ^~~~~~
/usr/include/stdlib.h:1069:31: error: expected declaration specifiers or ‘...’ before ‘wchar_t’
 1069 | extern int wctomb (char *__s, wchar_t __wchar) __THROW;
      |                               ^~~~~~~
/usr/include/stdlib.h:1073:15: error: expected ‘=’, ‘,’, ‘;’, ‘asm’ or ‘__attribute__’ before ‘mbstowcs’
 1073 | extern size_t mbstowcs (wchar_t *__restrict  __pwcs,
      |               ^~~~~~~~
/usr/include/stdlib.h:1077:15: error: expected ‘=’, ‘,’, ‘;’, ‘asm’ or ‘__attribute__’ before ‘wcstombs’
 1077 | extern size_t wcstombs (char *__restrict __s,
      |               ^~~~~~~~
/usr/include/stdlib.h:1088:12: error: storage class specified for parameter ‘rpmatch’
 1088 | extern int rpmatch (const char *__response) __THROW __nonnull ((1)) __wur;
      |            ^~~~~~~
/usr/include/stdlib.h:1099:12: error: storage class specified for parameter ‘getsubopt’
 1099 | extern int getsubopt (char **__restrict __optionp,
      |            ^~~~~~~~~
/usr/include/stdlib.h:1145:12: error: storage class specified for parameter ‘getloadavg’
 1145 | extern int getloadavg (double __loadavg[], int __nelem)
      |            ^~~~~~~~~~
In file included from /usr/include/stdio.h:37,
                 from ./run.c:3:
/usr/lib/gcc/x86_64-pc-linux-gnu/14.2.1/include/stdarg.h:40:27: error: storage class specified for parameter ‘__gnuc_va_list’
   40 | typedef __builtin_va_list __gnuc_va_list;
      |                           ^~~~~~~~~~~~~~
In file included from /usr/include/bits/types/__fpos_t.h:5,
                 from /usr/include/stdio.h:40:
/usr/include/bits/types/__mbstate_t.h:21:3: error: storage class specified for parameter ‘__mbstate_t’
   21 | } __mbstate_t;
      |   ^~~~~~~~~~~
/usr/include/bits/types/__fpos_t.h:12:3: error: expected specifier-qualifier-list before ‘__off_t’
   12 |   __off_t __pos;
      |   ^~~~~~~
/usr/include/bits/types/__fpos_t.h:14:3: error: storage class specified for parameter ‘__fpos_t’
   14 | } __fpos_t;
      |   ^~~~~~~~
In file included from /usr/include/stdio.h:41:
/usr/include/bits/types/__fpos64_t.h:12:3: error: expected specifier-qualifier-list before ‘__off64_t’
   12 |   __off64_t __pos;
      |   ^~~~~~~~~
/usr/include/bits/types/__fpos64_t.h:14:3: error: storage class specified for parameter ‘__fpos64_t’
   14 | } __fpos64_t;
      |   ^~~~~~~~~~
In file included from /usr/include/stdio.h:42:
/usr/include/bits/types/__FILE.h:5:25: error: storage class specified for parameter ‘__FILE’
    5 | typedef struct _IO_FILE __FILE;
      |                         ^~~~~~
In file included from /usr/include/stdio.h:43:
/usr/include/bits/types/FILE.h:7:25: error: storage class specified for parameter ‘FILE’
    7 | typedef struct _IO_FILE FILE;
      |                         ^~~~
In file included from /usr/include/stdio.h:44:
/usr/include/bits/types/struct_FILE.h:43:14: error: storage class specified for parameter ‘_IO_lock_t’
   43 | typedef void _IO_lock_t;
      |              ^~~~~~~~~~
/usr/include/bits/types/struct_FILE.h:74:3: error: expected specifier-qualifier-list before ‘__off_t’
   74 |   __off_t _old_offset; /* This used to be _offset but it's too small.  */
      |   ^~~~~~~
In file included from /usr/include/stdio.h:47:
/usr/include/bits/types/cookie_io_functions_t.h:27:19: error: expected ‘=’, ‘,’, ‘;’, ‘asm’ or ‘__attribute__’ before ‘cookie_read_function_t’
   27 | typedef __ssize_t cookie_read_function_t (void *__cookie, char *__buf,
      |                   ^~~~~~~~~~~~~~~~~~~~~~
/usr/include/bits/types/cookie_io_functions_t.h:36:19: error: expected ‘=’, ‘,’, ‘;’, ‘asm’ or ‘__attribute__’ before ‘cookie_write_function_t’
   36 | typedef __ssize_t cookie_write_function_t (void *__cookie, const char *__buf,
      |                   ^~~~~~~~~~~~~~~~~~~~~~~
/usr/include/bits/types/cookie_io_functions_t.h:45:53: error: expected declaration specifiers or ‘...’ before ‘__off64_t’
   45 | typedef int cookie_seek_function_t (void *__cookie, __off64_t *__pos, int __w);
      |                                                     ^~~~~~~~~
/usr/include/bits/types/cookie_io_functions_t.h:48:13: error: storage class specified for parameter ‘cookie_close_function_t’
   48 | typedef int cookie_close_function_t (void *__cookie);
      |             ^~~~~~~~~~~~~~~~~~~~~~~
/usr/include/bits/types/cookie_io_functions_t.h:57:3: error: unknown type name ‘cookie_read_function_t’
   57 |   cookie_read_function_t *read;         /* Read bytes.  */
      |   ^~~~~~~~~~~~~~~~~~~~~~
/usr/include/bits/types/cookie_io_functions_t.h:58:3: error: unknown type name ‘cookie_write_function_t’
   58 |   cookie_write_function_t *write;       /* Write bytes.  */
      |   ^~~~~~~~~~~~~~~~~~~~~~~
/usr/include/bits/types/cookie_io_functions_t.h:59:3: error: unknown type name ‘cookie_seek_function_t’
   59 |   cookie_seek_function_t *seek;         /* Seek/tell file position.  */
      |   ^~~~~~~~~~~~~~~~~~~~~~
/usr/include/bits/types/cookie_io_functions_t.h:60:3: error: expected specifier-qualifier-list before ‘cookie_close_function_t’
   60 |   cookie_close_function_t *close;       /* Close file.  */
      |   ^~~~~~~~~~~~~~~~~~~~~~~
/usr/include/bits/types/cookie_io_functions_t.h:61:3: error: storage class specified for parameter ‘cookie_io_functions_t’
   61 | } cookie_io_functions_t;
      |   ^~~~~~~~~~~~~~~~~~~~~
/usr/include/stdio.h:53:24: error: expected ‘=’, ‘,’, ‘;’, ‘asm’ or ‘__attribute__’ before ‘va_list’
   53 | typedef __gnuc_va_list va_list;
      |                        ^~~~~~~
/usr/include/stdio.h:85:18: error: expected ‘=’, ‘,’, ‘;’, ‘asm’ or ‘__attribute__’ before ‘fpos_t’
   85 | typedef __fpos_t fpos_t;
      |                  ^~~~~~
/usr/include/stdio.h:149:13: error: expected ‘=’, ‘,’, ‘;’, ‘asm’ or ‘__attribute__’ before ‘*’ token
  149 | extern FILE *stdin;             /* Standard input stream.  */
      |             ^
/usr/include/stdio.h:150:13: error: expected ‘=’, ‘,’, ‘;’, ‘asm’ or ‘__attribute__’ before ‘*’ token
  150 | extern FILE *stdout;            /* Standard output stream.  */
      |             ^
/usr/include/stdio.h:151:13: error: expected ‘=’, ‘,’, ‘;’, ‘asm’ or ‘__attribute__’ before ‘*’ token
  151 | extern FILE *stderr;            /* Standard error output stream.  */
      |             ^
/usr/include/stdio.h:158:12: error: storage class specified for parameter ‘remove’
  158 | extern int remove (const char *__filename) __THROW;
      |            ^~~~~~
/usr/include/stdio.h:160:12: error: storage class specified for parameter ‘rename’
  160 | extern int rename (const char *__old, const char *__new) __THROW;
      |            ^~~~~~
/usr/include/stdio.h:164:12: error: storage class specified for parameter ‘renameat’
  164 | extern int renameat (int __oldfd, const char *__old, int __newfd,
      |            ^~~~~~~~
/usr/include/stdio.h:184:20: error: expected declaration specifiers or ‘...’ before ‘FILE’
  184 | extern int fclose (FILE *__stream) __nonnull ((1));
      |                    ^~~~
/usr/include/stdio.h:194:13: error: expected ‘=’, ‘,’, ‘;’, ‘asm’ or ‘__attribute__’ before ‘*’ token
  194 | extern FILE *tmpfile (void)
      |             ^
/usr/include/stdio.h:211:14: error: storage class specified for parameter ‘tmpnam’
  211 | extern char *tmpnam (char[L_tmpnam]) __THROW __wur;
      |              ^~~~~~
/usr/include/stdio.h:216:14: error: storage class specified for parameter ‘tmpnam_r’
  216 | extern char *tmpnam_r (char __s[L_tmpnam]) __THROW __wur;
      |              ^~~~~~~~
/usr/include/stdio.h:228:14: error: storage class specified for parameter ‘tempnam’
  228 | extern char *tempnam (const char *__dir, const char *__pfx)
      |              ^~~~~~~
/usr/include/stdio.h:236:20: error: expected declaration specifiers or ‘...’ before ‘FILE’
  236 | extern int fflush (FILE *__stream);
      |                    ^~~~
/usr/include/stdio.h:245:29: error: expected declaration specifiers or ‘...’ before ‘FILE’
  245 | extern int fflush_unlocked (FILE *__stream);
      |                             ^~~~
/usr/include/stdio.h:264:13: error: expected ‘=’, ‘,’, ‘;’, ‘asm’ or ‘__attribute__’ before ‘*’ token
  264 | extern FILE *fopen (const char *__restrict __filename,
      |             ^
/usr/include/stdio.h:271:13: error: expected ‘=’, ‘,’, ‘;’, ‘asm’ or ‘__attribute__’ before ‘*’ token
  271 | extern FILE *freopen (const char *__restrict __filename,
      |             ^
/usr/include/stdio.h:299:13: error: expected ‘=’, ‘,’, ‘;’, ‘asm’ or ‘__attribute__’ before ‘*’ token
  299 | extern FILE *fdopen (int __fd, const char *__modes) __THROW
      |             ^
/usr/include/stdio.h:306:13: error: expected ‘=’, ‘,’, ‘;’, ‘asm’ or ‘__attribute__’ before ‘*’ token
  306 | extern FILE *fopencookie (void *__restrict __magic_cookie,
      |             ^
/usr/include/stdio.h:314:13: error: expected ‘=’, ‘,’, ‘;’, ‘asm’ or ‘__attribute__’ before ‘*’ token
  314 | extern FILE *fmemopen (void *__s, size_t __len, const char *__modes)
      |             ^
/usr/include/stdio.h:320:13: error: expected ‘=’, ‘,’, ‘;’, ‘asm’ or ‘__attribute__’ before ‘*’ token
  320 | extern FILE *open_memstream (char **__bufloc, size_t *__sizeloc) __THROW
      |             ^
/usr/include/stdio.h:334:21: error: expected declaration specifiers or ‘...’ before ‘FILE’
  334 | extern void setbuf (FILE *__restrict __stream, char *__restrict __buf) __THROW
      |                     ^~~~
/usr/include/stdio.h:339:21: error: expected declaration specifiers or ‘...’ before ‘FILE’
  339 | extern int setvbuf (FILE *__restrict __stream, char *__restrict __buf,
      |                     ^~~~
/usr/include/stdio.h:340:34: error: expected declaration specifiers or ‘...’ before ‘size_t’
  340 |                     int __modes, size_t __n) __THROW __nonnull ((1));
      |                                  ^~~~~~
/usr/include/stdio.h:345:24: error: expected declaration specifiers or ‘...’ before ‘FILE’
  345 | extern void setbuffer (FILE *__restrict __stream, char *__restrict __buf,
      |                        ^~~~
/usr/include/stdio.h:346:24: error: expected declaration specifiers or ‘...’ before ‘size_t’
  346 |                        size_t __size) __THROW __nonnull ((1));
      |                        ^~~~~~
/usr/include/stdio.h:349:25: error: expected declaration specifiers or ‘...’ before ‘FILE’
  349 | extern void setlinebuf (FILE *__stream) __THROW __nonnull ((1));
      |                         ^~~~
/usr/include/stdio.h:357:21: error: expected declaration specifiers or ‘...’ before ‘FILE’
  357 | extern int fprintf (FILE *__restrict __stream,
      |                     ^~~~
/usr/include/stdio.h:363:12: error: storage class specified for parameter ‘printf’
  363 | extern int printf (const char *__restrict __format, ...);
      |            ^~~~~~
/usr/include/stdio.h:365:12: error: storage class specified for parameter ‘sprintf’
  365 | extern int sprintf (char *__restrict __s,
      |            ^~~~~~~
/usr/include/stdio.h:372:22: error: expected declaration specifiers or ‘...’ before ‘FILE’
  372 | extern int vfprintf (FILE *__restrict __s, const char *__restrict __format,
      |                      ^~~~
/usr/include/stdio.h:373:22: error: expected declaration specifiers or ‘...’ before ‘__gnuc_va_list’
  373 |                      __gnuc_va_list __arg) __nonnull ((1));
      |                      ^~~~~~~~~~~~~~
/usr/include/stdio.h:378:54: error: expected declaration specifiers or ‘...’ before ‘__gnuc_va_list’
  378 | extern int vprintf (const char *__restrict __format, __gnuc_va_list __arg);
      |                                                      ^~~~~~~~~~~~~~
/usr/include/stdio.h:381:22: error: expected declaration specifiers or ‘...’ before ‘__gnuc_va_list’
  381 |                      __gnuc_va_list __arg) __THROWNL;
      |                      ^~~~~~~~~~~~~~
/usr/include/stdio.h:385:44: error: expected declaration specifiers or ‘...’ before ‘size_t’
  385 | extern int snprintf (char *__restrict __s, size_t __maxlen,
      |                                            ^~~~~~
/usr/include/stdio.h:389:45: error: expected declaration specifiers or ‘...’ before ‘size_t’
  389 | extern int vsnprintf (char *__restrict __s, size_t __maxlen,
      |                                             ^~~~~~
/usr/include/stdio.h:390:56: error: expected declaration specifiers or ‘...’ before ‘__gnuc_va_list’
  390 |                       const char *__restrict __format, __gnuc_va_list __arg)
      |                                                        ^~~~~~~~~~~~~~
/usr/include/stdio.h:398:23: error: expected declaration specifiers or ‘...’ before ‘__gnuc_va_list’
  398 |                       __gnuc_va_list __arg)
      |                       ^~~~~~~~~~~~~~
/usr/include/stdio.h:400:12: error: storage class specified for parameter ‘__asprintf’
  400 | extern int __asprintf (char **__restrict __ptr,
      |            ^~~~~~~~~~
/usr/include/stdio.h:403:12: error: storage class specified for parameter ‘asprintf’
  403 | extern int asprintf (char **__restrict __ptr,
      |            ^~~~~~~~
/usr/include/stdio.h:411:22: error: expected declaration specifiers or ‘...’ before ‘__gnuc_va_list’
  411 |                      __gnuc_va_list __arg)
      |                      ^~~~~~~~~~~~~~
/usr/include/stdio.h:413:12: error: storage class specified for parameter ‘dprintf’
  413 | extern int dprintf (int __fd, const char *__restrict __fmt, ...)
      |            ^~~~~~~
/usr/include/stdio.h:422:20: error: expected declaration specifiers or ‘...’ before ‘FILE’
  422 | extern int fscanf (FILE *__restrict __stream,
      |                    ^~~~
/usr/include/stdio.h:428:12: error: storage class specified for parameter ‘scanf’
  428 | extern int scanf (const char *__restrict __format, ...) __wur;
      |            ^~~~~
/usr/include/stdio.h:430:12: error: storage class specified for parameter ‘sscanf’
  430 | extern int sscanf (const char *__restrict __s,
      |            ^~~~~~
In file included from /usr/include/features.h:511,
                 from /usr/include/bits/libc-header-start.h:33,
                 from /usr/include/stdlib.h:26:
/usr/include/stdio.h:463:12: error: expected declaration specifiers or ‘...’ before ‘FILE’
  463 | extern int __REDIRECT (fscanf, (FILE *__restrict __stream,
      |            ^~~~~~~~~~
/usr/include/stdio.h:466:12: error: storage class specified for parameter ‘scanf’
  466 | extern int __REDIRECT (scanf, (const char *__restrict __format, ...),
      |            ^~~~~~~~~~
/usr/include/stdio.h:466:12: error: redefinition of parameter ‘scanf’
/usr/include/stdio.h:428:12: note: previous definition of ‘scanf’ with type ‘int (*)(const char * restrict, ...)’
  428 | extern int scanf (const char *__restrict __format, ...) __wur;
      |            ^~~~~
/usr/include/stdio.h:468:12: error: storage class specified for parameter ‘sscanf’
  468 | extern int __REDIRECT_NTH (sscanf, (const char *__restrict __s,
      |            ^~~~~~~~~~~~~~
/usr/include/stdio.h:468:12: error: redefinition of parameter ‘sscanf’
/usr/include/stdio.h:430:12: note: previous definition of ‘sscanf’ with type ‘int (*)(const char * restrict,  const char * restrict, ...)’
  430 | extern int sscanf (const char *__restrict __s,
      |            ^~~~~~
/usr/include/stdio.h:490:21: error: expected declaration specifiers or ‘...’ before ‘FILE’
  490 | extern int vfscanf (FILE *__restrict __s, const char *__restrict __format,
      |                     ^~~~
/usr/include/stdio.h:491:21: error: expected declaration specifiers or ‘...’ before ‘__gnuc_va_list’
  491 |                     __gnuc_va_list __arg)
      |                     ^~~~~~~~~~~~~~
/usr/include/stdio.h:498:53: error: expected declaration specifiers or ‘...’ before ‘__gnuc_va_list’
  498 | extern int vscanf (const char *__restrict __format, __gnuc_va_list __arg)
      |                                                     ^~~~~~~~~~~~~~
/usr/include/stdio.h:503:54: error: expected declaration specifiers or ‘...’ before ‘__gnuc_va_list’
  503 |                     const char *__restrict __format, __gnuc_va_list __arg)
      |                                                      ^~~~~~~~~~~~~~
/usr/include/stdio.h:540:12: error: expected declaration specifiers or ‘...’ before ‘FILE’
  540 | extern int __REDIRECT (vfscanf,
      |            ^~~~~~~~~~
/usr/include/stdio.h:540:12: error: expected declaration specifiers or ‘...’ before ‘__gnuc_va_list’
  540 | extern int __REDIRECT (vfscanf,
      |            ^~~~~~~~~~
/usr/include/stdio.h:545:12: error: expected declaration specifiers or ‘...’ before ‘__gnuc_va_list’
  545 | extern int __REDIRECT (vscanf, (const char *__restrict __format,
      |            ^~~~~~~~~~
/usr/include/stdio.h:548:12: error: expected declaration specifiers or ‘...’ before ‘__gnuc_va_list’
  548 | extern int __REDIRECT_NTH (vsscanf,
      |            ^~~~~~~~~~~~~~
/usr/include/stdio.h:575:19: error: expected declaration specifiers or ‘...’ before ‘FILE’
  575 | extern int fgetc (FILE *__stream) __nonnull ((1));
      |                   ^~~~
/usr/include/stdio.h:576:18: error: expected declaration specifiers or ‘...’ before ‘FILE’
  576 | extern int getc (FILE *__stream) __nonnull ((1));
      |                  ^~~~
/usr/include/stdio.h:582:12: error: storage class specified for parameter ‘getchar’
  582 | extern int getchar (void);
      |            ^~~~~~~
/usr/include/stdio.h:589:27: error: expected declaration specifiers or ‘...’ before ‘FILE’
  589 | extern int getc_unlocked (FILE *__stream) __nonnull ((1));
      |                           ^~~~
/usr/include/stdio.h:590:12: error: storage class specified for parameter ‘getchar_unlocked’
  590 | extern int getchar_unlocked (void);
      |            ^~~~~~~~~~~~~~~~
/usr/include/stdio.h:600:28: error: expected declaration specifiers or ‘...’ before ‘FILE’
  600 | extern int fgetc_unlocked (FILE *__stream) __nonnull ((1));
      |                            ^~~~
/usr/include/stdio.h:611:28: error: expected declaration specifiers or ‘...’ before ‘FILE’
  611 | extern int fputc (int __c, FILE *__stream) __nonnull ((2));
      |                            ^~~~
/usr/include/stdio.h:612:27: error: expected declaration specifiers or ‘...’ before ‘FILE’
  612 | extern int putc (int __c, FILE *__stream) __nonnull ((2));
      |                           ^~~~
/usr/include/stdio.h:618:12: error: storage class specified for parameter ‘putchar’
  618 | extern int putchar (int __c);
      |            ^~~~~~~
/usr/include/stdio.h:627:37: error: expected declaration specifiers or ‘...’ before ‘FILE’
  627 | extern int fputc_unlocked (int __c, FILE *__stream) __nonnull ((2));
      |                                     ^~~~
/usr/include/stdio.h:635:36: error: expected declaration specifiers or ‘...’ before ‘FILE’
  635 | extern int putc_unlocked (int __c, FILE *__stream) __nonnull ((2));
      |                                    ^~~~
/usr/include/stdio.h:636:12: error: storage class specified for parameter ‘putchar_unlocked’
  636 | extern int putchar_unlocked (int __c);
      |            ^~~~~~~~~~~~~~~~
/usr/include/stdio.h:643:18: error: expected declaration specifiers or ‘...’ before ‘FILE’
  643 | extern int getw (FILE *__stream) __nonnull ((1));
      |                  ^~~~
/usr/include/stdio.h:646:27: error: expected declaration specifiers or ‘...’ before ‘FILE’
  646 | extern int putw (int __w, FILE *__stream) __nonnull ((2));
      |                           ^~~~
/usr/include/stdio.h:654:52: error: expected declaration specifiers or ‘...’ before ‘FILE’
  654 | extern char *fgets (char *__restrict __s, int __n, FILE *__restrict __stream)
      |                                                    ^~~~
/usr/include/stdio.h:689:18: error: expected ‘=’, ‘,’, ‘;’, ‘asm’ or ‘__attribute__’ before ‘__getdelim’
  689 | extern __ssize_t __getdelim (char **__restrict __lineptr,
      |                  ^~~~~~~~~~
/usr/include/stdio.h:692:18: error: expected ‘=’, ‘,’, ‘;’, ‘asm’ or ‘__attribute__’ before ‘getdelim’
  692 | extern __ssize_t getdelim (char **__restrict __lineptr,
      |                  ^~~~~~~~
/usr/include/stdio.h:697:18: error: expected ‘=’, ‘,’, ‘;’, ‘asm’ or ‘__attribute__’ before ‘getline’
  697 | extern __ssize_t getline (char **__restrict __lineptr,
      |                  ^~~~~~~
/usr/include/stdio.h:707:47: error: expected declaration specifiers or ‘...’ before ‘FILE’
  707 | extern int fputs (const char *__restrict __s, FILE *__restrict __stream)
      |                                               ^~~~
/usr/include/stdio.h:714:12: error: storage class specified for parameter ‘puts’
  714 | extern int puts (const char *__s);
      |            ^~~~
/usr/include/stdio.h:721:29: error: expected declaration specifiers or ‘...’ before ‘FILE’
  721 | extern int ungetc (int __c, FILE *__stream) __nonnull ((2));
      |                             ^~~~
/usr/include/stdio.h:728:15: error: expected ‘=’, ‘,’, ‘;’, ‘asm’ or ‘__attribute__’ before ‘fread’
  728 | extern size_t fread (void *__restrict __ptr, size_t __size,
      |               ^~~~~
/usr/include/stdio.h:735:15: error: expected ‘=’, ‘,’, ‘;’, ‘asm’ or ‘__attribute__’ before ‘fwrite’
  735 | extern size_t fwrite (const void *__restrict __ptr, size_t __size,
      |               ^~~~~~
/usr/include/stdio.h:756:15: error: expected ‘=’, ‘,’, ‘;’, ‘asm’ or ‘__attribute__’ before ‘fread_unlocked’
  756 | extern size_t fread_unlocked (void *__restrict __ptr, size_t __size,
      |               ^~~~~~~~~~~~~~
/usr/include/stdio.h:759:15: error: expected ‘=’, ‘,’, ‘;’, ‘asm’ or ‘__attribute__’ before ‘fwrite_unlocked’
  759 | extern size_t fwrite_unlocked (const void *__restrict __ptr, size_t __size,
      |               ^~~~~~~~~~~~~~~
/usr/include/stdio.h:769:19: error: expected declaration specifiers or ‘...’ before ‘FILE’
  769 | extern int fseek (FILE *__stream, long int __off, int __whence)
      |                   ^~~~
/usr/include/stdio.h:775:24: error: expected declaration specifiers or ‘...’ before ‘FILE’
  775 | extern long int ftell (FILE *__stream) __wur __nonnull ((1));
      |                        ^~~~
/usr/include/stdio.h:780:21: error: expected declaration specifiers or ‘...’ before ‘FILE’
  780 | extern void rewind (FILE *__stream) __nonnull ((1));
      |                     ^~~~
/usr/include/stdio.h:793:20: error: expected declaration specifiers or ‘...’ before ‘FILE’
  793 | extern int fseeko (FILE *__stream, __off_t __off, int __whence)
      |                    ^~~~
/usr/include/stdio.h:793:36: error: expected declaration specifiers or ‘...’ before ‘__off_t’
  793 | extern int fseeko (FILE *__stream, __off_t __off, int __whence)
      |                                    ^~~~~~~
/usr/include/stdio.h:799:16: error: expected ‘=’, ‘,’, ‘;’, ‘asm’ or ‘__attribute__’ before ‘ftello’
  799 | extern __off_t ftello (FILE *__stream) __wur __nonnull ((1));
      |                ^~~~~~
/usr/include/stdio.h:819:21: error: expected declaration specifiers or ‘...’ before ‘FILE’
  819 | extern int fgetpos (FILE *__restrict __stream, fpos_t *__restrict __pos)
      |                     ^~~~
/usr/include/stdio.h:819:48: error: unknown type name ‘fpos_t’
  819 | extern int fgetpos (FILE *__restrict __stream, fpos_t *__restrict __pos)
      |                                                ^~~~~~
/usr/include/stdio.h:130:1: note: ‘fpos_t’ is defined in header ‘<stdio.h>’; this is probably fixable by adding ‘#include <stdio.h>’
  129 | #include <bits/stdio_lim.h>
  +++ |+#include <stdio.h>
  130 | 
/usr/include/stdio.h:825:21: error: expected declaration specifiers or ‘...’ before ‘FILE’
  825 | extern int fsetpos (FILE *__stream, const fpos_t *__pos) __nonnull ((1));
      |                     ^~~~
/usr/include/stdio.h:825:43: error: unknown type name ‘fpos_t’
  825 | extern int fsetpos (FILE *__stream, const fpos_t *__pos) __nonnull ((1));
      |                                           ^~~~~~
/usr/include/stdio.h:825:43: note: ‘fpos_t’ is defined in header ‘<stdio.h>’; this is probably fixable by adding ‘#include <stdio.h>’
/usr/include/stdio.h:850:23: error: expected declaration specifiers or ‘...’ before ‘FILE’
  850 | extern void clearerr (FILE *__stream) __THROW __nonnull ((1));
      |                       ^~~~
/usr/include/stdio.h:852:18: error: expected declaration specifiers or ‘...’ before ‘FILE’
  852 | extern int feof (FILE *__stream) __THROW __wur __nonnull ((1));
      |                  ^~~~
/usr/include/stdio.h:854:20: error: expected declaration specifiers or ‘...’ before ‘FILE’
  854 | extern int ferror (FILE *__stream) __THROW __wur __nonnull ((1));
      |                    ^~~~
/usr/include/stdio.h:858:32: error: expected declaration specifiers or ‘...’ before ‘FILE’
  858 | extern void clearerr_unlocked (FILE *__stream) __THROW __nonnull ((1));
      |                                ^~~~
/usr/include/stdio.h:859:27: error: expected declaration specifiers or ‘...’ before ‘FILE’
  859 | extern int feof_unlocked (FILE *__stream) __THROW __wur __nonnull ((1));
      |                           ^~~~
/usr/include/stdio.h:860:29: error: expected declaration specifiers or ‘...’ before ‘FILE’
  860 | extern int ferror_unlocked (FILE *__stream) __THROW __wur __nonnull ((1));
      |                             ^~~~
/usr/include/stdio.h:868:13: error: storage class specified for parameter ‘perror’
  868 | extern void perror (const char *__s) __COLD;
      |             ^~~~~~
/usr/include/stdio.h:873:20: error: expected declaration specifiers or ‘...’ before ‘FILE’
  873 | extern int fileno (FILE *__stream) __THROW __wur __nonnull ((1));
      |                    ^~~~
/usr/include/stdio.h:878:29: error: expected declaration specifiers or ‘...’ before ‘FILE’
  878 | extern int fileno_unlocked (FILE *__stream) __THROW __wur __nonnull ((1));
      |                             ^~~~
/usr/include/stdio.h:887:20: error: expected declaration specifiers or ‘...’ before ‘FILE’
  887 | extern int pclose (FILE *__stream) __nonnull ((1));
      |                    ^~~~
/usr/include/stdio.h:893:13: error: expected ‘=’, ‘,’, ‘;’, ‘asm’ or ‘__attribute__’ before ‘*’ token
  893 | extern FILE *popen (const char *__command, const char *__modes)
      |             ^
/usr/include/stdio.h:901:14: error: storage class specified for parameter ‘ctermid’
  901 | extern char *ctermid (char *__s) __THROW
      |              ^~~~~~~
/usr/include/stdio.h:931:24: error: expected declaration specifiers or ‘...’ before ‘FILE’
  931 | extern void flockfile (FILE *__stream) __THROW __nonnull ((1));
      |                        ^~~~
/usr/include/stdio.h:935:26: error: expected declaration specifiers or ‘...’ before ‘FILE’
  935 | extern int ftrylockfile (FILE *__stream) __THROW __wur __nonnull ((1));
      |                          ^~~~
/usr/include/stdio.h:938:26: error: expected declaration specifiers or ‘...’ before ‘FILE’
  938 | extern void funlockfile (FILE *__stream) __THROW __nonnull ((1));
      |                          ^~~~
/usr/include/stdio.h:949:21: error: expected declaration specifiers or ‘...’ before ‘FILE’
  949 | extern int __uflow (FILE *);
      |                     ^~~~
/usr/include/stdio.h:950:24: error: expected declaration specifiers or ‘...’ before ‘FILE’
  950 | extern int __overflow (FILE *, int);
      |                        ^~~~
In file included from /usr/include/malloc.h:24,
                 from ./run.c:4:
/usr/lib/gcc/x86_64-pc-linux-gnu/14.2.1/include/stddef.h:145:26: error: storage class specified for parameter ‘ptrdiff_t’
  145 | typedef __PTRDIFF_TYPE__ ptrdiff_t;
      |                          ^~~~~~~~~
/usr/lib/gcc/x86_64-pc-linux-gnu/14.2.1/include/stddef.h:436:3: error: storage class specified for parameter ‘max_align_t’
  436 | } max_align_t;
      |   ^~~~~~~~~~~
/usr/include/malloc.h:39:22: error: expected declaration specifiers or ‘...’ before ‘size_t’
   39 | extern void *malloc (size_t __size) __THROW __attribute_malloc__
      |                      ^~~~~~
/usr/include/malloc.h:43:22: error: expected declaration specifiers or ‘...’ before ‘size_t’
   43 | extern void *calloc (size_t __nmemb, size_t __size)
      |                      ^~~~~~
/usr/include/malloc.h:43:38: error: expected declaration specifiers or ‘...’ before ‘size_t’
   43 | extern void *calloc (size_t __nmemb, size_t __size)
      |                                      ^~~~~~
/usr/include/malloc.h:51:36: error: expected declaration specifiers or ‘...’ before ‘size_t’
   51 | extern void *realloc (void *__ptr, size_t __size)
      |                                    ^~~~~~
/usr/include/malloc.h:59:41: error: expected declaration specifiers or ‘...’ before ‘size_t’
   59 | extern void *reallocarray (void *__ptr, size_t __nmemb, size_t __size)
      |                                         ^~~~~~
/usr/include/malloc.h:59:57: error: expected declaration specifiers or ‘...’ before ‘size_t’
   59 | extern void *reallocarray (void *__ptr, size_t __nmemb, size_t __size)
      |                                                         ^~~~~~
/usr/include/malloc.h:64:13: error: storage class specified for parameter ‘free’
   64 | extern void free (void *__ptr) __THROW;
      |             ^~~~
/usr/include/malloc.h:64:13: error: redefinition of parameter ‘free’
/usr/include/stdlib.h:687:13: note: previous definition of ‘free’ with type ‘void (*)(void *)’
  687 | extern void free (void *__ptr) __THROW;
      |             ^~~~
/usr/include/malloc.h:67:24: error: expected declaration specifiers or ‘...’ before ‘size_t’
   67 | extern void *memalign (size_t __alignment, size_t __size)
      |                        ^~~~~~
/usr/include/malloc.h:67:44: error: expected declaration specifiers or ‘...’ before ‘size_t’
   67 | extern void *memalign (size_t __alignment, size_t __size)
      |                                            ^~~~~~
/usr/include/malloc.h:72:22: error: expected declaration specifiers or ‘...’ before ‘size_t’
   72 | extern void *valloc (size_t __size) __THROW __attribute_malloc__
      |                      ^~~~~~
/usr/include/malloc.h:77:23: error: expected declaration specifiers or ‘...’ before ‘size_t’
   77 | extern void *pvalloc (size_t __size) __THROW __attribute_malloc__
      |                       ^~~~~~
/usr/include/malloc.h:101:3: error: expected specifier-qualifier-list before ‘size_t’
  101 |   size_t arena;    /* non-mmapped space allocated from system */
      |   ^~~~~~
/usr/include/malloc.h:114:24: error: storage class specified for parameter ‘mallinfo’
  114 | extern struct mallinfo mallinfo (void) __THROW __MALLOC_DEPRECATED;
      |                        ^~~~~~~~
/usr/include/malloc.h:117:25: error: storage class specified for parameter ‘mallinfo2’
  117 | extern struct mallinfo2 mallinfo2 (void) __THROW;
      |                         ^~~~~~~~~
/usr/include/malloc.h:144:12: error: storage class specified for parameter ‘mallopt’
  144 | extern int mallopt (int __param, int __val) __THROW;
      |            ^~~~~~~
/usr/include/malloc.h:148:25: error: expected declaration specifiers or ‘...’ before ‘size_t’
  148 | extern int malloc_trim (size_t __pad) __THROW;
      |                         ^~~~~~
/usr/include/malloc.h:152:15: error: expected ‘=’, ‘,’, ‘;’, ‘asm’ or ‘__attribute__’ before ‘malloc_usable_size’
  152 | extern size_t malloc_usable_size (void *__ptr) __THROW;
      |               ^~~~~~~~~~~~~~~~~~
/usr/include/malloc.h:155:13: error: storage class specified for parameter ‘malloc_stats’
  155 | extern void malloc_stats (void) __THROW;
      |             ^~~~~~~~~~~~
/usr/include/malloc.h:158:40: error: expected declaration specifiers or ‘...’ before ‘FILE’
  158 | extern int malloc_info (int __options, FILE *__fp) __THROW;
      |                                        ^~~~
In file included from ./run.c:5:
/usr/include/string.h:44:22: error: expected declaration specifiers or ‘...’ before ‘size_t’
   44 |                      size_t __n) __THROW __nonnull ((1, 2));
      |                      ^~~~~~
/usr/include/string.h:47:56: error: expected declaration specifiers or ‘...’ before ‘size_t’
   47 | extern void *memmove (void *__dest, const void *__src, size_t __n)
      |                                                        ^~~~~~
/usr/include/string.h:55:32: error: expected declaration specifiers or ‘...’ before ‘size_t’
   55 |                       int __c, size_t __n)
      |                                ^~~~~~
/usr/include/string.h:61:42: error: expected declaration specifiers or ‘...’ before ‘size_t’
   61 | extern void *memset (void *__s, int __c, size_t __n) __THROW __nonnull ((1));
      |                                          ^~~~~~
/usr/include/string.h:64:56: error: expected declaration specifiers or ‘...’ before ‘size_t’
   64 | extern int memcmp (const void *__s1, const void *__s2, size_t __n)
      |                                                        ^~~~~~
/usr/include/string.h:80:60: error: expected declaration specifiers or ‘...’ before ‘size_t’
   80 | extern int __memcmpeq (const void *__s1, const void *__s2, size_t __n)
      |                                                            ^~~~~~
/usr/include/string.h:107:48: error: expected declaration specifiers or ‘...’ before ‘size_t’
  107 | extern void *memchr (const void *__s, int __c, size_t __n)
      |                                                ^~~~~~
/usr/include/string.h:141:14: error: storage class specified for parameter ‘strcpy’
  141 | extern char *strcpy (char *__restrict __dest, const char *__restrict __src)
      |              ^~~~~~
/usr/include/string.h:145:53: error: expected declaration specifiers or ‘...’ before ‘size_t’
  145 |                       const char *__restrict __src, size_t __n)
      |                                                     ^~~~~~
/usr/include/string.h:149:14: error: storage class specified for parameter ‘strcat’
  149 | extern char *strcat (char *__restrict __dest, const char *__restrict __src)
      |              ^~~~~~
/usr/include/string.h:153:23: error: expected declaration specifiers or ‘...’ before ‘size_t’
  153 |                       size_t __n) __THROW __nonnull ((1, 2));
      |                       ^~~~~~
/usr/include/string.h:156:12: error: storage class specified for parameter ‘strcmp’
  156 | extern int strcmp (const char *__s1, const char *__s2)
      |            ^~~~~~
/usr/include/string.h:159:57: error: expected declaration specifiers or ‘...’ before ‘size_t’
  159 | extern int strncmp (const char *__s1, const char *__s2, size_t __n)
      |                                                         ^~~~~~
/usr/include/string.h:163:12: error: storage class specified for parameter ‘strcoll’
  163 | extern int strcoll (const char *__s1, const char *__s2)
      |            ^~~~~~~
/usr/include/string.h:166:15: error: expected ‘=’, ‘,’, ‘;’, ‘asm’ or ‘__attribute__’ before ‘strxfrm’
  166 | extern size_t strxfrm (char *__restrict __dest,
      |               ^~~~~~~
In file included from /usr/include/bits/types/locale_t.h:22,
                 from /usr/include/string.h:172:
/usr/include/bits/types/__locale_t.h:41:33: error: storage class specified for parameter ‘__locale_t’
   41 | typedef struct __locale_struct *__locale_t;
      |                                 ^~~~~~~~~~
/usr/include/bits/types/locale_t.h:24:20: error: expected ‘=’, ‘,’, ‘;’, ‘asm’ or ‘__attribute__’ before ‘locale_t’
   24 | typedef __locale_t locale_t;
      |                    ^~~~~~~~
/usr/include/string.h:175:59: error: unknown type name ‘locale_t’
  175 | extern int strcoll_l (const char *__s1, const char *__s2, locale_t __l)
      |                                                           ^~~~~~~~
/usr/include/string.h:179:15: error: expected ‘=’, ‘,’, ‘;’, ‘asm’ or ‘__attribute__’ before ‘strxfrm_l’
  179 | extern size_t strxfrm_l (char *__dest, const char *__src, size_t __n,
      |               ^~~~~~~~~
/usr/include/string.h:187:14: error: storage class specified for parameter ‘strdup’
  187 | extern char *strdup (const char *__s)
      |              ^~~~~~
/usr/include/string.h:195:45: error: expected declaration specifiers or ‘...’ before ‘size_t’
  195 | extern char *strndup (const char *__string, size_t __n)
      |                                             ^~~~~~
/usr/include/string.h:246:14: error: storage class specified for parameter ‘strchr’
  246 | extern char *strchr (const char *__s, int __c)
      |              ^~~~~~
/usr/include/string.h:273:14: error: storage class specified for parameter ‘strrchr’
  273 | extern char *strrchr (const char *__s, int __c)
      |              ^~~~~~~
/usr/include/string.h:286:14: error: storage class specified for parameter ‘strchrnul’
  286 | extern char *strchrnul (const char *__s, int __c)
      |              ^~~~~~~~~
/usr/include/string.h:293:15: error: expected ‘=’, ‘,’, ‘;’, ‘asm’ or ‘__attribute__’ before ‘strcspn’
  293 | extern size_t strcspn (const char *__s, const char *__reject)
      |               ^~~~~~~
/usr/include/string.h:297:15: error: expected ‘=’, ‘,’, ‘;’, ‘asm’ or ‘__attribute__’ before ‘strspn’
  297 | extern size_t strspn (const char *__s, const char *__accept)
      |               ^~~~~~
/usr/include/string.h:323:14: error: storage class specified for parameter ‘strpbrk’
  323 | extern char *strpbrk (const char *__s, const char *__accept)
      |              ^~~~~~~
/usr/include/string.h:350:14: error: storage class specified for parameter ‘strstr’
  350 | extern char *strstr (const char *__haystack, const char *__needle)
      |              ^~~~~~
/usr/include/string.h:356:14: error: storage class specified for parameter ‘strtok’
  356 | extern char *strtok (char *__restrict __s, const char *__restrict __delim)
      |              ^~~~~~
/usr/include/string.h:361:14: error: storage class specified for parameter ‘__strtok_r’
  361 | extern char *__strtok_r (char *__restrict __s,
      |              ^~~~~~~~~~
/usr/include/string.h:366:14: error: storage class specified for parameter ‘strtok_r’
  366 | extern char *strtok_r (char *__restrict __s, const char *__restrict __delim,
      |              ^~~~~~~~
/usr/include/string.h:380:14: error: storage class specified for parameter ‘strcasestr’
  380 | extern char *strcasestr (const char *__haystack, const char *__needle)
      |              ^~~~~~~~~~
/usr/include/string.h:389:46: error: expected declaration specifiers or ‘...’ before ‘size_t’
  389 | extern void *memmem (const void *__haystack, size_t __haystacklen,
      |                                              ^~~~~~
/usr/include/string.h:390:44: error: expected declaration specifiers or ‘...’ before ‘size_t’
  390 |                      const void *__needle, size_t __needlelen)
      |                                            ^~~~~~
/usr/include/string.h:398:55: error: expected declaration specifiers or ‘...’ before ‘size_t’
  398 |                         const void *__restrict __src, size_t __n)
      |                                                       ^~~~~~
/usr/include/string.h:401:53: error: expected declaration specifiers or ‘...’ before ‘size_t’
  401 |                       const void *__restrict __src, size_t __n)
      |                                                     ^~~~~~
/usr/include/string.h:407:15: error: expected ‘=’, ‘,’, ‘;’, ‘asm’ or ‘__attribute__’ before ‘strlen’
  407 | extern size_t strlen (const char *__s)
      |               ^~~~~~
/usr/include/string.h:413:15: error: expected ‘=’, ‘,’, ‘;’, ‘asm’ or ‘__attribute__’ before ‘strnlen’
  413 | extern size_t strnlen (const char *__string, size_t __maxlen)
      |               ^~~~~~~
/usr/include/string.h:419:14: error: storage class specified for parameter ‘strerror’
  419 | extern char *strerror (int __errnum) __THROW;
      |              ^~~~~~~~
/usr/include/string.h:432:12: error: expected declaration specifiers or ‘...’ before ‘size_t’
  432 | extern int __REDIRECT_NTH (strerror_r,
      |            ^~~~~~~~~~~~~~
/usr/include/string.h:458:40: error: unknown type name ‘locale_t’
  458 | extern char *strerror_l (int __errnum, locale_t __l) __THROW;
      |                                        ^~~~~~~~
In file included from /usr/include/string.h:462:
/usr/include/strings.h:34:54: error: expected declaration specifiers or ‘...’ before ‘size_t’
   34 | extern int bcmp (const void *__s1, const void *__s2, size_t __n)
      |                                                      ^~~~~~
/usr/include/strings.h:38:53: error: expected declaration specifiers or ‘...’ before ‘size_t’
   38 | extern void bcopy (const void *__src, void *__dest, size_t __n)
      |                                                     ^~~~~~
/usr/include/strings.h:42:31: error: expected declaration specifiers or ‘...’ before ‘size_t’
   42 | extern void bzero (void *__s, size_t __n) __THROW __nonnull ((1));
      |                               ^~~~~~
/usr/include/strings.h:68:14: error: storage class specified for parameter ‘index’
   68 | extern char *index (const char *__s, int __c)
      |              ^~~~~
/usr/include/strings.h:96:14: error: storage class specified for parameter ‘rindex’
   96 | extern char *rindex (const char *__s, int __c)
      |              ^~~~~~
/usr/include/strings.h:104:12: error: storage class specified for parameter ‘ffs’
  104 | extern int ffs (int __i) __THROW __attribute_const__;
      |            ^~~
/usr/include/strings.h:110:12: error: storage class specified for parameter ‘ffsl’
  110 | extern int ffsl (long int __l) __THROW __attribute_const__;
      |            ^~~~
/usr/include/strings.h:111:1: error: expected declaration specifiers before ‘__extension__’
  111 | __extension__ extern int ffsll (long long int __ll)
      | ^~~~~~~~~~~~~
/usr/include/strings.h:116:12: error: storage class specified for parameter ‘strcasecmp’
  116 | extern int strcasecmp (const char *__s1, const char *__s2)
      |            ^~~~~~~~~~
/usr/include/strings.h:120:61: error: expected declaration specifiers or ‘...’ before ‘size_t’
  120 | extern int strncasecmp (const char *__s1, const char *__s2, size_t __n)
      |                                                             ^~~~~~
/usr/include/strings.h:128:62: error: unknown type name ‘locale_t’
  128 | extern int strcasecmp_l (const char *__s1, const char *__s2, locale_t __loc)
      |                                                              ^~~~~~~~
/usr/include/strings.h:134:27: error: expected declaration specifiers or ‘...’ before ‘size_t’
  134 |                           size_t __n, locale_t __loc)
      |                           ^~~~~~
/usr/include/strings.h:134:39: error: unknown type name ‘locale_t’
  134 |                           size_t __n, locale_t __loc)
      |                                       ^~~~~~~~
/usr/include/string.h:466:40: error: expected declaration specifiers or ‘...’ before ‘size_t’
  466 | extern void explicit_bzero (void *__s, size_t __n) __THROW __nonnull ((1))
      |                                        ^~~~~~
/usr/include/string.h:471:14: error: storage class specified for parameter ‘strsep’
  471 | extern char *strsep (char **__restrict __stringp,
      |              ^~~~~~
/usr/include/string.h:478:14: error: storage class specified for parameter ‘strsignal’
  478 | extern char *strsignal (int __sig) __THROW;
      |              ^~~~~~~~~
/usr/include/string.h:489:14: error: storage class specified for parameter ‘__stpcpy’
  489 | extern char *__stpcpy (char *__restrict __dest, const char *__restrict __src)
      |              ^~~~~~~~
/usr/include/string.h:491:14: error: storage class specified for parameter ‘stpcpy’
  491 | extern char *stpcpy (char *__restrict __dest, const char *__restrict __src)
      |              ^~~~~~
/usr/include/string.h:497:55: error: expected declaration specifiers or ‘...’ before ‘size_t’
  497 |                         const char *__restrict __src, size_t __n)
      |                                                       ^~~~~~
/usr/include/string.h:500:53: error: expected declaration specifiers or ‘...’ before ‘size_t’
  500 |                       const char *__restrict __src, size_t __n)
      |                                                     ^~~~~~
/usr/include/string.h:506:15: error: expected ‘=’, ‘,’, ‘;’, ‘asm’ or ‘__attribute__’ before ‘strlcpy’
  506 | extern size_t strlcpy (char *__restrict __dest,
      |               ^~~~~~~
/usr/include/string.h:512:15: error: expected ‘=’, ‘,’, ‘;’, ‘asm’ or ‘__attribute__’ before ‘strlcat’
  512 | extern size_t strlcat (char *__restrict __dest,
      |               ^~~~~~~
./run.c:148:11: error: expected ‘=’, ‘,’, ‘;’, ‘asm’ or ‘__attribute__’ before ‘{’ token
  148 | int main(){
      |           ^
In file included from ./run.c:1:
./include/engine.h:38:5: error: old-style parameter declarations in prototyped function definition
   38 | obj create_edge_by_index(int vert_a_index, int vert_b_index, obj object)
      |     ^~~~~~~~~~~~~~~~~~~~
./run.c:151: error: expected ‘{’ at end of input
